node038
tensor([[0.1963, 0.6497, 0.9268],
        [0.7258, 0.8541, 0.6093]], device='cuda:0')

        

        id: 0,
        name: DATA_C0_D0,
        dataset_path: ,
        num_images_training: 10.0,
        num_images_testing: 10000.0,
        complexity: 0,
        

        

        id: 1,
        name: DATA_C0_D0,
        dataset_path: ,
        num_images_training: 10.0,
        num_images_testing: 10000.0,
        complexity: 0,
        

        

        id: 2,
        name: DATA_C1_D0,
        dataset_path: ,
        num_images_training: 10.0,
        num_images_testing: 10000.0,
        complexity: 1,
        

        

        id: 3,
        name: DATA_C1_D0,
        dataset_path: ,
        num_images_training: 10.0,
        num_images_testing: 10000.0,
        complexity: 1,
        

        

        id: 4,
        name: DATA_C2_D0,
        dataset_path: ,
        num_images_training: 10.0,
        num_images_testing: 10000.0,
        complexity: 2,
        

        

        id: 5,
        name: DATA_C2_D0,
        dataset_path: ,
        num_images_training: 10.0,
        num_images_testing: 10000.0,
        complexity: 2,
        

        

        id: 6,
        name: DATA_C3_D0,
        dataset_path: ,
        num_images_training: 10.0,
        num_images_testing: 10000.0,
        complexity: 3,
        

        

        id: 7,
        name: DATA_C3_D0,
        dataset_path: ,
        num_images_training: 10.0,
        num_images_testing: 10000.0,
        complexity: 3,
        

        

        id: 8,
        name: DATA_C4_D0,
        dataset_path: ,
        num_images_training: 10.0,
        num_images_testing: 10000.0,
        complexity: 4,
        

        

        id: 9,
        name: DATA_C4_D0,
        dataset_path: ,
        num_images_training: 10.0,
        num_images_testing: 10000.0,
        complexity: 4,
        

        

        id: 10,
        name: DATA_C0_D1,
        dataset_path: ,
        num_images_training: 100.0,
        num_images_testing: 10000.0,
        complexity: 0,
        

        

        id: 11,
        name: DATA_C0_D1,
        dataset_path: ,
        num_images_training: 100.0,
        num_images_testing: 10000.0,
        complexity: 0,
        

        

        id: 12,
        name: DATA_C1_D1,
        dataset_path: ,
        num_images_training: 100.0,
        num_images_testing: 10000.0,
        complexity: 1,
        

        

        id: 13,
        name: DATA_C1_D1,
        dataset_path: ,
        num_images_training: 100.0,
        num_images_testing: 10000.0,
        complexity: 1,
        

        

        id: 14,
        name: DATA_C2_D1,
        dataset_path: ,
        num_images_training: 100.0,
        num_images_testing: 10000.0,
        complexity: 2,
        

        

        id: 15,
        name: DATA_C2_D1,
        dataset_path: ,
        num_images_training: 100.0,
        num_images_testing: 10000.0,
        complexity: 2,
        

        

        id: 16,
        name: DATA_C3_D1,
        dataset_path: ,
        num_images_training: 100.0,
        num_images_testing: 10000.0,
        complexity: 3,
        

        

        id: 17,
        name: DATA_C3_D1,
        dataset_path: ,
        num_images_training: 100.0,
        num_images_testing: 10000.0,
        complexity: 3,
        

        

        id: 18,
        name: DATA_C4_D1,
        dataset_path: ,
        num_images_training: 100.0,
        num_images_testing: 10000.0,
        complexity: 4,
        

        

        id: 19,
        name: DATA_C4_D1,
        dataset_path: ,
        num_images_training: 100.0,
        num_images_testing: 10000.0,
        complexity: 4,
        

        

        id: 20,
        name: DATA_C0_D2,
        dataset_path: ,
        num_images_training: 1000.0,
        num_images_testing: 10000.0,
        complexity: 0,
        

        

        id: 21,
        name: DATA_C0_D2,
        dataset_path: ,
        num_images_training: 1000.0,
        num_images_testing: 10000.0,
        complexity: 0,
        

        

        id: 22,
        name: DATA_C1_D2,
        dataset_path: ,
        num_images_training: 1000.0,
        num_images_testing: 10000.0,
        complexity: 1,
        

        

        id: 23,
        name: DATA_C1_D2,
        dataset_path: ,
        num_images_training: 1000.0,
        num_images_testing: 10000.0,
        complexity: 1,
        

        

        id: 24,
        name: DATA_C2_D2,
        dataset_path: ,
        num_images_training: 1000.0,
        num_images_testing: 10000.0,
        complexity: 2,
        

        

        id: 25,
        name: DATA_C2_D2,
        dataset_path: ,
        num_images_training: 1000.0,
        num_images_testing: 10000.0,
        complexity: 2,
        

        

        id: 26,
        name: DATA_C3_D2,
        dataset_path: ,
        num_images_training: 1000.0,
        num_images_testing: 10000.0,
        complexity: 3,
        

        

        id: 27,
        name: DATA_C3_D2,
        dataset_path: ,
        num_images_training: 1000.0,
        num_images_testing: 10000.0,
        complexity: 3,
        

        

        id: 28,
        name: DATA_C4_D2,
        dataset_path: ,
        num_images_training: 1000.0,
        num_images_testing: 10000.0,
        complexity: 4,
        

        

        id: 29,
        name: DATA_C4_D2,
        dataset_path: ,
        num_images_training: 1000.0,
        num_images_testing: 10000.0,
        complexity: 4,
        

        

        id: 30,
        name: DATA_C0_D3,
        dataset_path: ,
        num_images_training: 10000.0,
        num_images_testing: 10000.0,
        complexity: 0,
        

        

        id: 31,
        name: DATA_C0_D3,
        dataset_path: ,
        num_images_training: 10000.0,
        num_images_testing: 10000.0,
        complexity: 0,
        

        

        id: 32,
        name: DATA_C1_D3,
        dataset_path: ,
        num_images_training: 10000.0,
        num_images_testing: 10000.0,
        complexity: 1,
        

        

        id: 33,
        name: DATA_C1_D3,
        dataset_path: ,
        num_images_training: 10000.0,
        num_images_testing: 10000.0,
        complexity: 1,
        

        

        id: 34,
        name: DATA_C2_D3,
        dataset_path: ,
        num_images_training: 10000.0,
        num_images_testing: 10000.0,
        complexity: 2,
        

        

        id: 35,
        name: DATA_C2_D3,
        dataset_path: ,
        num_images_training: 10000.0,
        num_images_testing: 10000.0,
        complexity: 2,
        

        

        id: 36,
        name: DATA_C3_D3,
        dataset_path: ,
        num_images_training: 10000.0,
        num_images_testing: 10000.0,
        complexity: 3,
        

        

        id: 37,
        name: DATA_C3_D3,
        dataset_path: ,
        num_images_training: 10000.0,
        num_images_testing: 10000.0,
        complexity: 3,
        

        

        id: 38,
        name: DATA_C4_D3,
        dataset_path: ,
        num_images_training: 10000.0,
        num_images_testing: 10000.0,
        complexity: 4,
        

        

        id: 39,
        name: DATA_C4_D3,
        dataset_path: ,
        num_images_training: 10000.0,
        num_images_testing: 10000.0,
        complexity: 4,
        

        

        id: 40,
        name: DATA_C0_D4,
        dataset_path: ,
        num_images_training: 100000.0,
        num_images_testing: 10000.0,
        complexity: 0,
        

        

        id: 41,
        name: DATA_C0_D4,
        dataset_path: ,
        num_images_training: 100000.0,
        num_images_testing: 10000.0,
        complexity: 0,
        

        

        id: 42,
        name: DATA_C1_D4,
        dataset_path: ,
        num_images_training: 100000.0,
        num_images_testing: 10000.0,
        complexity: 1,
        

        

        id: 43,
        name: DATA_C1_D4,
        dataset_path: ,
        num_images_training: 100000.0,
        num_images_testing: 10000.0,
        complexity: 1,
        

        

        id: 44,
        name: DATA_C2_D4,
        dataset_path: ,
        num_images_training: 100000.0,
        num_images_testing: 10000.0,
        complexity: 2,
        

        

        id: 45,
        name: DATA_C2_D4,
        dataset_path: ,
        num_images_training: 100000.0,
        num_images_testing: 10000.0,
        complexity: 2,
        

        

        id: 46,
        name: DATA_C3_D4,
        dataset_path: ,
        num_images_training: 100000.0,
        num_images_testing: 10000.0,
        complexity: 3,
        

        

        id: 47,
        name: DATA_C3_D4,
        dataset_path: ,
        num_images_training: 100000.0,
        num_images_testing: 10000.0,
        complexity: 3,
        

        

        id: 48,
        name: DATA_C4_D4,
        dataset_path: ,
        num_images_training: 100000.0,
        num_images_testing: 10000.0,
        complexity: 4,
        

        

        id: 49,
        name: DATA_C4_D4,
        dataset_path: ,
        num_images_training: 100000.0,
        num_images_testing: 10000.0,
        complexity: 4,
        

        

        id: 50,
        name: DATA_C5_D0,
        dataset_path: ,
        num_images_training: 100000.0,
        num_images_testing: 10000.0,
        complexity: 5,
        

        

        id: 51,
        name: DATA_C5_D0,
        dataset_path: ,
        num_images_training: 100000.0,
        num_images_testing: 10000.0,
        complexity: 5,
        

        

        id: 52,
        name: DATA_C6_D0,
        dataset_path: ,
        num_images_training: 200000.0,
        num_images_testing: 20000.0,
        complexity: 6,
        

        

        id: 53,
        name: DATA_C7_D0,
        dataset_path: ,
        num_images_training: 100000.0,
        num_images_testing: 10000.0,
        complexity: 7,
        

        

        id: 54,
        name: DATA_C0_D0,
        dataset_path: ,
        num_images_training: 100000.0,
        num_images_testing: 10000.0,
        complexity: 0,
        

        

        id: 55,
        name: DATA_C1_D0,
        dataset_path: ,
        num_images_training: 100000.0,
        num_images_testing: 10000.0,
        complexity: 1,
        

        

        id: 56,
        name: DATA_C1_D0,
        dataset_path: ,
        num_images_training: 100000.0,
        num_images_testing: 10000.0,
        complexity: 1,
        

        

        id: 57,
        name: DATA_C3_D0,
        dataset_path: ,
        num_images_training: 100000.0,
        num_images_testing: 10000.0,
        complexity: 3,
        

        

        id: 58,
        name: DATA_C4_D0,
        dataset_path: ,
        num_images_training: 100000.0,
        num_images_testing: 10000.0,
        complexity: 4,
        

        

        id: 59,
        name: DATA_C5_D0,
        dataset_path: ,
        num_images_training: 100000.0,
        num_images_testing: 10000.0,
        complexity: 5,
        

        

        id: 60,
        name: DATA_C5_D0,
        dataset_path: ,
        num_images_training: 100000.0,
        num_images_testing: 10000.0,
        complexity: 5,
        

        

        id: 61,
        name: DATA_C5_D0,
        dataset_path: ,
        num_images_training: 100000.0,
        num_images_testing: 10000.0,
        complexity: 5,
        

        

        id: 62,
        name: DATA_C5_D0,
        dataset_path: ,
        num_images_training: 100000.0,
        num_images_testing: 10000.0,
        complexity: 5,
        

        

        id: 63,
        name: DATA_C5_D0,
        dataset_path: ,
        num_images_training: 100000.0,
        num_images_testing: 10000.0,
        complexity: 5,
        

TRAINING
ID194_MultiLSTMInit_D55
1
10
0.001
0.2
32
REUSING TFRECORDS
WARNING: Logging before flag parsing goes to stderr.
W1107 01:16:16.846826 46934529945408 deprecation_wrapper.py:119] From /om/user/shobhita/src/insideness/data/data.py:123: The name tf.FixedLenFeature is deprecated. Please use tf.io.FixedLenFeature instead.

W1107 01:16:16.847114 46934529945408 deprecation_wrapper.py:119] From /om/user/shobhita/src/insideness/data/data.py:129: The name tf.parse_single_example is deprecated. Please use tf.io.parse_single_example instead.

W1107 01:16:17.003540 46934529945408 deprecation_wrapper.py:119] From /om/user/shobhita/src/insideness/runs/train.py:61: The name tf.placeholder is deprecated. Please use tf.compat.v1.placeholder instead.

W1107 01:16:17.004327 46934529945408 deprecation_wrapper.py:119] From /om/user/shobhita/src/insideness/runs/train.py:62: The name tf.data.Iterator is deprecated. Please use tf.compat.v1.data.Iterator instead.

W1107 01:16:17.004446 46934529945408 deprecation.py:323] From /om/user/shobhita/src/insideness/runs/train.py:63: DatasetV1.output_types (from tensorflow.python.data.ops.dataset_ops) is deprecated and will be removed in a future version.
Instructions for updating:
Use `tf.compat.v1.data.get_output_types(dataset)`.
W1107 01:16:17.004565 46934529945408 deprecation.py:323] From /om/user/shobhita/src/insideness/runs/train.py:63: DatasetV1.output_shapes (from tensorflow.python.data.ops.dataset_ops) is deprecated and will be removed in a future version.
Instructions for updating:
Use `tf.compat.v1.data.get_output_shapes(dataset)`.
W1107 01:16:17.007842 46934529945408 deprecation.py:323] From /om/user/shobhita/src/insideness/runs/train.py:65: DatasetV1.make_one_shot_iterator (from tensorflow.python.data.ops.dataset_ops) is deprecated and will be removed in a future version.
Instructions for updating:
Use `for ... in dataset:` to iterate over a dataset. If using `tf.estimator`, return the `Dataset` object directly from your input function. As a last resort, you can use `tf.compat.v1.data.make_one_shot_iterator(dataset)`.
W1107 01:16:17.032253 46934529945408 deprecation.py:323] From /om/user/shobhita/src/insideness/runs/train.py:68: DatasetV1.make_initializable_iterator (from tensorflow.python.data.ops.dataset_ops) is deprecated and will be removed in a future version.
Instructions for updating:
Use `for ... in dataset:` to iterate over a dataset. If using `tf.estimator`, return the `Dataset` object directly from your input function. As a last resort, you can use `tf.compat.v1.data.make_initializable_iterator(dataset)`.
W1107 01:16:17.054905 46934529945408 deprecation_wrapper.py:119] From /om/user/shobhita/src/insideness/nets/multiLSTM_init.py:49: The name tf.nn.rnn_cell.LSTMStateTuple is deprecated. Please use tf.compat.v1.nn.rnn_cell.LSTMStateTuple instead.

W1107 01:16:17.056524 46934529945408 deprecation_wrapper.py:119] From /om/user/shobhita/src/insideness/nets/multiLSTM_init.py:72: The name tf.variable_scope is deprecated. Please use tf.compat.v1.variable_scope instead.

W1107 01:16:17.309008 46934529945408 deprecation.py:506] From /usr/local/lib/python3.6/dist-packages/tensorflow/python/ops/init_ops.py:1251: calling VarianceScaling.__init__ (from tensorflow.python.ops.init_ops) with dtype is deprecated and will be removed in a future version.
Instructions for updating:
Call initializer instance with the dtype argument instead of passing it to the constructor
W1107 01:16:17.328609 46934529945408 deprecation.py:506] From /usr/local/lib/python3.6/dist-packages/tensorflow/contrib/rnn/python/ops/rnn_cell.py:2242: calling Constant.__init__ (from tensorflow.python.ops.init_ops) with dtype is deprecated and will be removed in a future version.
Instructions for updating:
Call initializer instance with the dtype argument instead of passing it to the constructor
W1107 01:16:17.798087 46934529945408 deprecation_wrapper.py:119] From /om/user/shobhita/src/insideness/runs/train.py:93: The name tf.summary.scalar is deprecated. Please use tf.compat.v1.summary.scalar instead.

TRAIN AT END
W1107 01:16:17.877827 46934529945408 deprecation_wrapper.py:119] From /om/user/shobhita/src/insideness/runs/train.py:145: The name tf.train.exponential_decay is deprecated. Please use tf.compat.v1.train.exponential_decay instead.

W1107 01:16:17.914692 46934529945408 deprecation_wrapper.py:119] From /om/user/shobhita/src/insideness/runs/train.py:170: The name tf.summary.image is deprecated. Please use tf.compat.v1.summary.image instead.

W1107 01:16:17.941604 46934529945408 deprecation_wrapper.py:119] From /om/user/shobhita/src/insideness/runs/train.py:187: The name tf.Session is deprecated. Please use tf.compat.v1.Session instead.

2019-11-07 01:16:17.944002: I tensorflow/stream_executor/platform/default/dso_loader.cc:42] Successfully opened dynamic library libcuda.so.1
2019-11-07 01:16:17.959767: I tensorflow/core/common_runtime/gpu/gpu_device.cc:1640] Found device 0 with properties: 
name: GeForce GTX TITAN X major: 5 minor: 2 memoryClockRate(GHz): 1.076
pciBusID: 0000:81:00.0
2019-11-07 01:16:17.963074: I tensorflow/stream_executor/platform/default/dso_loader.cc:42] Successfully opened dynamic library libcudart.so.10.0
2019-11-07 01:16:17.995199: I tensorflow/stream_executor/platform/default/dso_loader.cc:42] Successfully opened dynamic library libcublas.so.10.0
2019-11-07 01:16:18.013002: I tensorflow/stream_executor/platform/default/dso_loader.cc:42] Successfully opened dynamic library libcufft.so.10.0
2019-11-07 01:16:18.023167: I tensorflow/stream_executor/platform/default/dso_loader.cc:42] Successfully opened dynamic library libcurand.so.10.0
2019-11-07 01:16:18.060330: I tensorflow/stream_executor/platform/default/dso_loader.cc:42] Successfully opened dynamic library libcusolver.so.10.0
2019-11-07 01:16:18.084579: I tensorflow/stream_executor/platform/default/dso_loader.cc:42] Successfully opened dynamic library libcusparse.so.10.0
2019-11-07 01:16:18.150891: I tensorflow/stream_executor/platform/default/dso_loader.cc:42] Successfully opened dynamic library libcudnn.so.7
2019-11-07 01:16:18.153174: I tensorflow/core/common_runtime/gpu/gpu_device.cc:1763] Adding visible gpu devices: 0
2019-11-07 01:16:18.153571: I tensorflow/core/platform/cpu_feature_guard.cc:142] Your CPU supports instructions that this TensorFlow binary was not compiled to use: AVX2 FMA
2019-11-07 01:16:18.236108: I tensorflow/compiler/xla/service/service.cc:168] XLA service 0x4fb96d0 executing computations on platform CUDA. Devices:
2019-11-07 01:16:18.236200: I tensorflow/compiler/xla/service/service.cc:175]   StreamExecutor device (0): GeForce GTX TITAN X, Compute Capability 5.2
2019-11-07 01:16:18.258589: I tensorflow/core/platform/profile_utils/cpu_utils.cc:94] CPU Frequency: 2600210000 Hz
2019-11-07 01:16:18.258795: I tensorflow/compiler/xla/service/service.cc:168] XLA service 0x5daf950 executing computations on platform Host. Devices:
2019-11-07 01:16:18.258838: I tensorflow/compiler/xla/service/service.cc:175]   StreamExecutor device (0): <undefined>, <undefined>
2019-11-07 01:16:18.260892: I tensorflow/core/common_runtime/gpu/gpu_device.cc:1640] Found device 0 with properties: 
name: GeForce GTX TITAN X major: 5 minor: 2 memoryClockRate(GHz): 1.076
pciBusID: 0000:81:00.0
2019-11-07 01:16:18.260962: I tensorflow/stream_executor/platform/default/dso_loader.cc:42] Successfully opened dynamic library libcudart.so.10.0
2019-11-07 01:16:18.260990: I tensorflow/stream_executor/platform/default/dso_loader.cc:42] Successfully opened dynamic library libcublas.so.10.0
2019-11-07 01:16:18.261012: I tensorflow/stream_executor/platform/default/dso_loader.cc:42] Successfully opened dynamic library libcufft.so.10.0
2019-11-07 01:16:18.261034: I tensorflow/stream_executor/platform/default/dso_loader.cc:42] Successfully opened dynamic library libcurand.so.10.0
2019-11-07 01:16:18.261067: I tensorflow/stream_executor/platform/default/dso_loader.cc:42] Successfully opened dynamic library libcusolver.so.10.0
2019-11-07 01:16:18.261091: I tensorflow/stream_executor/platform/default/dso_loader.cc:42] Successfully opened dynamic library libcusparse.so.10.0
2019-11-07 01:16:18.261113: I tensorflow/stream_executor/platform/default/dso_loader.cc:42] Successfully opened dynamic library libcudnn.so.7
2019-11-07 01:16:18.262522: I tensorflow/core/common_runtime/gpu/gpu_device.cc:1763] Adding visible gpu devices: 0
2019-11-07 01:16:18.264317: I tensorflow/stream_executor/platform/default/dso_loader.cc:42] Successfully opened dynamic library libcudart.so.10.0
2019-11-07 01:16:18.265437: I tensorflow/core/common_runtime/gpu/gpu_device.cc:1181] Device interconnect StreamExecutor with strength 1 edge matrix:
2019-11-07 01:16:18.265486: I tensorflow/core/common_runtime/gpu/gpu_device.cc:1187]      0 
2019-11-07 01:16:18.265505: I tensorflow/core/common_runtime/gpu/gpu_device.cc:1200] 0:   N 
2019-11-07 01:16:18.269022: I tensorflow/core/common_runtime/gpu/gpu_device.cc:1326] Created TensorFlow device (/job:localhost/replica:0/task:0/device:GPU:0 with 11498 MB memory) -> physical GPU (device: 0, name: GeForce GTX TITAN X, pci bus id: 0000:81:00.0, compute capability: 5.2)
W1107 01:16:18.269930 46934529945408 deprecation_wrapper.py:119] From /om/user/shobhita/src/insideness/runs/train.py:196: The name tf.train.MomentumOptimizer is deprecated. Please use tf.compat.v1.train.MomentumOptimizer instead.

W1107 01:16:20.745600 46934529945408 deprecation_wrapper.py:119] From /om/user/shobhita/src/insideness/runs/train.py:211: The name tf.train.Saver is deprecated. Please use tf.compat.v1.train.Saver instead.

2019-11-07 01:16:20.946767: W tensorflow/compiler/jit/mark_for_compilation_pass.cc:1412] (One-time warning): Not using XLA:CPU for cluster because envvar TF_XLA_FLAGS=--tf_xla_cpu_global_jit was not set.  If you want XLA:CPU, either set that envvar, or use experimental_jit_scope to enable XLA:CPU.  To confirm that XLA is active, pass --vmodule=xla_compilation_cache=1 (as a proper command-line flag, not via TF_XLA_FLAGS) or set the envvar XLA_FLAGS=--xla_hlo_profile.
W1107 01:16:23.383636 46934529945408 deprecation_wrapper.py:119] From /om/user/shobhita/src/insideness/runs/train.py:242: The name tf.summary.merge_all is deprecated. Please use tf.compat.v1.summary.merge_all instead.

W1107 01:16:23.385083 46934529945408 deprecation_wrapper.py:119] From /om/user/shobhita/src/insideness/runs/train.py:243: The name tf.summary.FileWriter is deprecated. Please use tf.compat.v1.summary.FileWriter instead.

2019-11-07 01:16:27.873905: I tensorflow/core/profiler/lib/profiler_session.cc:174] Profiler session started.
2019-11-07 01:16:27.892003: I tensorflow/stream_executor/platform/default/dso_loader.cc:42] Successfully opened dynamic library libcupti.so.10.0
2019-11-07 01:16:27.997993: I tensorflow/stream_executor/platform/default/dso_loader.cc:42] Successfully opened dynamic library libcudnn.so.7
2019-11-07 01:16:30.092022: I tensorflow/core/platform/default/device_tracer.cc:641] Collecting 621 kernel records, 17 memcpy records.
INIT
STARTING EPOCH =  0
* epoch: 0.0
train acc: 0.0
train acc loose: 0.48959255
train loss: 0.6893252
val acc: 0.0
val acc loose: 0.4844576
val loss: 0.68925345
----------------
2019-11-07 01:17:56.658074: I tensorflow/core/profiler/lib/profiler_session.cc:174] Profiler session started.
2019-11-07 01:17:56.679066: I tensorflow/core/platform/default/device_tracer.cc:641] Collecting 586 kernel records, 16 memcpy records.
* epoch: 1.0
train acc: 0.8125
train acc loose: 0.9958366
train loss: 0.13167909
val acc: 0.8125
val acc loose: 0.9971403
val loss: 0.13065442
----------------
2019-11-07 01:19:18.306798: I tensorflow/core/profiler/lib/profiler_session.cc:174] Profiler session started.
2019-11-07 01:19:18.326787: I tensorflow/core/platform/default/device_tracer.cc:641] Collecting 586 kernel records, 16 memcpy records.
W1107 01:19:18.834440 46934529945408 deprecation.py:323] From /usr/local/lib/python3.6/dist-packages/tensorflow/python/training/saver.py:960: remove_checkpoint (from tensorflow.python.training.checkpoint_management) is deprecated and will be removed in a future version.
Instructions for updating:
Use standard file APIs to delete files with this prefix.
* epoch: 2.0
train acc: 0.90625
train acc loose: 0.99884367
train loss: 0.1285755
val acc: 0.875
val acc loose: 0.99881756
val loss: 0.12866853
----------------
2019-11-07 01:20:40.471361: I tensorflow/core/profiler/lib/profiler_session.cc:174] Profiler session started.
2019-11-07 01:20:40.492473: I tensorflow/core/platform/default/device_tracer.cc:641] Collecting 586 kernel records, 16 memcpy records.
* epoch: 3.0
train acc: 0.875
train acc loose: 0.9983951
train loss: 0.12872785
val acc: 0.9375
val acc loose: 0.99930555
val loss: 0.1280389
----------------
2019-11-07 01:22:01.974364: I tensorflow/core/profiler/lib/profiler_session.cc:174] Profiler session started.
2019-11-07 01:22:01.994702: I tensorflow/core/platform/default/device_tracer.cc:641] Collecting 586 kernel records, 16 memcpy records.
* epoch: 4.0
train acc: 0.875
train acc loose: 0.9988343
train loss: 0.12817627
val acc: 1.0
val acc loose: 1.0
val loss: 0.1273322
----------------
2019-11-07 01:23:23.818320: I tensorflow/core/profiler/lib/profiler_session.cc:174] Profiler session started.
2019-11-07 01:23:23.837631: I tensorflow/core/platform/default/device_tracer.cc:641] Collecting 586 kernel records, 16 memcpy records.
* epoch: 5.0
train acc: 0.90625
train acc loose: 0.999071
train loss: 0.12780961
val acc: 0.90625
val acc loose: 0.9992727
val loss: 0.12777638
----------------
2019-11-07 01:24:45.224181: I tensorflow/core/profiler/lib/profiler_session.cc:174] Profiler session started.
2019-11-07 01:24:45.243695: I tensorflow/core/platform/default/device_tracer.cc:641] Collecting 586 kernel records, 16 memcpy records.
* epoch: 6.0
train acc: 0.96875
train acc loose: 0.9998512
train loss: 0.12732516
val acc: 0.9375
val acc loose: 0.99944615
val loss: 0.12764257
----------------
2019-11-07 01:26:06.559474: I tensorflow/core/profiler/lib/profiler_session.cc:174] Profiler session started.
2019-11-07 01:26:06.578272: I tensorflow/core/platform/default/device_tracer.cc:641] Collecting 586 kernel records, 16 memcpy records.
* epoch: 7.0
train acc: 0.96875
train acc loose: 0.9998264
train loss: 0.12727576
val acc: 1.0
val acc loose: 1.0
val loss: 0.12713438
----------------
2019-11-07 01:27:28.000504: I tensorflow/core/profiler/lib/profiler_session.cc:174] Profiler session started.
2019-11-07 01:27:28.019251: I tensorflow/core/platform/default/device_tracer.cc:641] Collecting 586 kernel records, 16 memcpy records.
* epoch: 8.0
train acc: 1.0
train acc loose: 1.0
train loss: 0.12712505
val acc: 0.9375
val acc loose: 0.9995631
val loss: 0.12738729
----------------
2019-11-07 01:28:54.466221: I tensorflow/core/profiler/lib/profiler_session.cc:174] Profiler session started.
2019-11-07 01:28:54.486307: I tensorflow/core/platform/default/device_tracer.cc:641] Collecting 586 kernel records, 16 memcpy records.
* epoch: 9.0
train acc: 1.0
train acc loose: 1.0
train loss: 0.1270867
val acc: 1.0
val acc loose: 1.0
val loss: 0.12710476
----------------
Total train = 95008.0
Full train = 0.9775282081508926
Full train loose = 0.9998573854379921
Total val = 95008.0
Full val = 0.9804016503873358
Full val loose = 0.9998776613160311
Total test = 95008.0
Full test = 0.9762546311889525
Full test loose = 0.9998457373774545
:)

DONE.
