node040
tensor([[0.5653, 0.0167, 0.6866],
        [0.2886, 0.3494, 0.8972]], device='cuda:0')

        

        id: 0,
        name: DATA_C0_D0,
        dataset_path: ,
        num_images_training: 10.0,
        num_images_testing: 10000.0,
        complexity: 0,
        

        

        id: 1,
        name: DATA_C0_D0,
        dataset_path: ,
        num_images_training: 10.0,
        num_images_testing: 10000.0,
        complexity: 0,
        

        

        id: 2,
        name: DATA_C1_D0,
        dataset_path: ,
        num_images_training: 10.0,
        num_images_testing: 10000.0,
        complexity: 1,
        

        

        id: 3,
        name: DATA_C1_D0,
        dataset_path: ,
        num_images_training: 10.0,
        num_images_testing: 10000.0,
        complexity: 1,
        

        

        id: 4,
        name: DATA_C2_D0,
        dataset_path: ,
        num_images_training: 10.0,
        num_images_testing: 10000.0,
        complexity: 2,
        

        

        id: 5,
        name: DATA_C2_D0,
        dataset_path: ,
        num_images_training: 10.0,
        num_images_testing: 10000.0,
        complexity: 2,
        

        

        id: 6,
        name: DATA_C3_D0,
        dataset_path: ,
        num_images_training: 10.0,
        num_images_testing: 10000.0,
        complexity: 3,
        

        

        id: 7,
        name: DATA_C3_D0,
        dataset_path: ,
        num_images_training: 10.0,
        num_images_testing: 10000.0,
        complexity: 3,
        

        

        id: 8,
        name: DATA_C4_D0,
        dataset_path: ,
        num_images_training: 10.0,
        num_images_testing: 10000.0,
        complexity: 4,
        

        

        id: 9,
        name: DATA_C4_D0,
        dataset_path: ,
        num_images_training: 10.0,
        num_images_testing: 10000.0,
        complexity: 4,
        

        

        id: 10,
        name: DATA_C0_D1,
        dataset_path: ,
        num_images_training: 100.0,
        num_images_testing: 10000.0,
        complexity: 0,
        

        

        id: 11,
        name: DATA_C0_D1,
        dataset_path: ,
        num_images_training: 100.0,
        num_images_testing: 10000.0,
        complexity: 0,
        

        

        id: 12,
        name: DATA_C1_D1,
        dataset_path: ,
        num_images_training: 100.0,
        num_images_testing: 10000.0,
        complexity: 1,
        

        

        id: 13,
        name: DATA_C1_D1,
        dataset_path: ,
        num_images_training: 100.0,
        num_images_testing: 10000.0,
        complexity: 1,
        

        

        id: 14,
        name: DATA_C2_D1,
        dataset_path: ,
        num_images_training: 100.0,
        num_images_testing: 10000.0,
        complexity: 2,
        

        

        id: 15,
        name: DATA_C2_D1,
        dataset_path: ,
        num_images_training: 100.0,
        num_images_testing: 10000.0,
        complexity: 2,
        

        

        id: 16,
        name: DATA_C3_D1,
        dataset_path: ,
        num_images_training: 100.0,
        num_images_testing: 10000.0,
        complexity: 3,
        

        

        id: 17,
        name: DATA_C3_D1,
        dataset_path: ,
        num_images_training: 100.0,
        num_images_testing: 10000.0,
        complexity: 3,
        

        

        id: 18,
        name: DATA_C4_D1,
        dataset_path: ,
        num_images_training: 100.0,
        num_images_testing: 10000.0,
        complexity: 4,
        

        

        id: 19,
        name: DATA_C4_D1,
        dataset_path: ,
        num_images_training: 100.0,
        num_images_testing: 10000.0,
        complexity: 4,
        

        

        id: 20,
        name: DATA_C0_D2,
        dataset_path: ,
        num_images_training: 1000.0,
        num_images_testing: 10000.0,
        complexity: 0,
        

        

        id: 21,
        name: DATA_C0_D2,
        dataset_path: ,
        num_images_training: 1000.0,
        num_images_testing: 10000.0,
        complexity: 0,
        

        

        id: 22,
        name: DATA_C1_D2,
        dataset_path: ,
        num_images_training: 1000.0,
        num_images_testing: 10000.0,
        complexity: 1,
        

        

        id: 23,
        name: DATA_C1_D2,
        dataset_path: ,
        num_images_training: 1000.0,
        num_images_testing: 10000.0,
        complexity: 1,
        

        

        id: 24,
        name: DATA_C2_D2,
        dataset_path: ,
        num_images_training: 1000.0,
        num_images_testing: 10000.0,
        complexity: 2,
        

        

        id: 25,
        name: DATA_C2_D2,
        dataset_path: ,
        num_images_training: 1000.0,
        num_images_testing: 10000.0,
        complexity: 2,
        

        

        id: 26,
        name: DATA_C3_D2,
        dataset_path: ,
        num_images_training: 1000.0,
        num_images_testing: 10000.0,
        complexity: 3,
        

        

        id: 27,
        name: DATA_C3_D2,
        dataset_path: ,
        num_images_training: 1000.0,
        num_images_testing: 10000.0,
        complexity: 3,
        

        

        id: 28,
        name: DATA_C4_D2,
        dataset_path: ,
        num_images_training: 1000.0,
        num_images_testing: 10000.0,
        complexity: 4,
        

        

        id: 29,
        name: DATA_C4_D2,
        dataset_path: ,
        num_images_training: 1000.0,
        num_images_testing: 10000.0,
        complexity: 4,
        

        

        id: 30,
        name: DATA_C0_D3,
        dataset_path: ,
        num_images_training: 10000.0,
        num_images_testing: 10000.0,
        complexity: 0,
        

        

        id: 31,
        name: DATA_C0_D3,
        dataset_path: ,
        num_images_training: 10000.0,
        num_images_testing: 10000.0,
        complexity: 0,
        

        

        id: 32,
        name: DATA_C1_D3,
        dataset_path: ,
        num_images_training: 10000.0,
        num_images_testing: 10000.0,
        complexity: 1,
        

        

        id: 33,
        name: DATA_C1_D3,
        dataset_path: ,
        num_images_training: 10000.0,
        num_images_testing: 10000.0,
        complexity: 1,
        

        

        id: 34,
        name: DATA_C2_D3,
        dataset_path: ,
        num_images_training: 10000.0,
        num_images_testing: 10000.0,
        complexity: 2,
        

        

        id: 35,
        name: DATA_C2_D3,
        dataset_path: ,
        num_images_training: 10000.0,
        num_images_testing: 10000.0,
        complexity: 2,
        

        

        id: 36,
        name: DATA_C3_D3,
        dataset_path: ,
        num_images_training: 10000.0,
        num_images_testing: 10000.0,
        complexity: 3,
        

        

        id: 37,
        name: DATA_C3_D3,
        dataset_path: ,
        num_images_training: 10000.0,
        num_images_testing: 10000.0,
        complexity: 3,
        

        

        id: 38,
        name: DATA_C4_D3,
        dataset_path: ,
        num_images_training: 10000.0,
        num_images_testing: 10000.0,
        complexity: 4,
        

        

        id: 39,
        name: DATA_C4_D3,
        dataset_path: ,
        num_images_training: 10000.0,
        num_images_testing: 10000.0,
        complexity: 4,
        

        

        id: 40,
        name: DATA_C0_D4,
        dataset_path: ,
        num_images_training: 100000.0,
        num_images_testing: 10000.0,
        complexity: 0,
        

        

        id: 41,
        name: DATA_C0_D4,
        dataset_path: ,
        num_images_training: 100000.0,
        num_images_testing: 10000.0,
        complexity: 0,
        

        

        id: 42,
        name: DATA_C1_D4,
        dataset_path: ,
        num_images_training: 100000.0,
        num_images_testing: 10000.0,
        complexity: 1,
        

        

        id: 43,
        name: DATA_C1_D4,
        dataset_path: ,
        num_images_training: 100000.0,
        num_images_testing: 10000.0,
        complexity: 1,
        

        

        id: 44,
        name: DATA_C2_D4,
        dataset_path: ,
        num_images_training: 100000.0,
        num_images_testing: 10000.0,
        complexity: 2,
        

        

        id: 45,
        name: DATA_C2_D4,
        dataset_path: ,
        num_images_training: 100000.0,
        num_images_testing: 10000.0,
        complexity: 2,
        

        

        id: 46,
        name: DATA_C3_D4,
        dataset_path: ,
        num_images_training: 100000.0,
        num_images_testing: 10000.0,
        complexity: 3,
        

        

        id: 47,
        name: DATA_C3_D4,
        dataset_path: ,
        num_images_training: 100000.0,
        num_images_testing: 10000.0,
        complexity: 3,
        

        

        id: 48,
        name: DATA_C4_D4,
        dataset_path: ,
        num_images_training: 100000.0,
        num_images_testing: 10000.0,
        complexity: 4,
        

        

        id: 49,
        name: DATA_C4_D4,
        dataset_path: ,
        num_images_training: 100000.0,
        num_images_testing: 10000.0,
        complexity: 4,
        

        

        id: 50,
        name: DATA_C5_D0,
        dataset_path: ,
        num_images_training: 100000.0,
        num_images_testing: 10000.0,
        complexity: 5,
        

        

        id: 51,
        name: DATA_C5_D0,
        dataset_path: ,
        num_images_training: 100000.0,
        num_images_testing: 10000.0,
        complexity: 5,
        

        

        id: 52,
        name: DATA_C6_D0,
        dataset_path: ,
        num_images_training: 200000.0,
        num_images_testing: 20000.0,
        complexity: 6,
        

        

        id: 53,
        name: DATA_C7_D0,
        dataset_path: ,
        num_images_training: 100000.0,
        num_images_testing: 10000.0,
        complexity: 7,
        

        

        id: 54,
        name: DATA_C0_D0,
        dataset_path: ,
        num_images_training: 100000.0,
        num_images_testing: 10000.0,
        complexity: 0,
        

        

        id: 55,
        name: DATA_C1_D0,
        dataset_path: ,
        num_images_training: 100000.0,
        num_images_testing: 10000.0,
        complexity: 1,
        

        

        id: 56,
        name: DATA_C1_D0,
        dataset_path: ,
        num_images_training: 100000.0,
        num_images_testing: 10000.0,
        complexity: 1,
        

        

        id: 57,
        name: DATA_C3_D0,
        dataset_path: ,
        num_images_training: 100000.0,
        num_images_testing: 10000.0,
        complexity: 3,
        

        

        id: 58,
        name: DATA_C4_D0,
        dataset_path: ,
        num_images_training: 100000.0,
        num_images_testing: 10000.0,
        complexity: 4,
        

        

        id: 59,
        name: DATA_C5_D0,
        dataset_path: ,
        num_images_training: 100000.0,
        num_images_testing: 10000.0,
        complexity: 5,
        

        

        id: 60,
        name: DATA_C5_D0,
        dataset_path: ,
        num_images_training: 100000.0,
        num_images_testing: 10000.0,
        complexity: 5,
        

        

        id: 61,
        name: DATA_C5_D0,
        dataset_path: ,
        num_images_training: 100000.0,
        num_images_testing: 10000.0,
        complexity: 5,
        

        

        id: 62,
        name: DATA_C5_D0,
        dataset_path: ,
        num_images_training: 100000.0,
        num_images_testing: 10000.0,
        complexity: 5,
        

        

        id: 63,
        name: DATA_C5_D0,
        dataset_path: ,
        num_images_training: 100000.0,
        num_images_testing: 10000.0,
        complexity: 5,
        

TRAINING
ID55_MultiLSTMInit_D54
1
10
0.1
0.2
32
REUSING TFRECORDS
WARNING: Logging before flag parsing goes to stderr.
W1106 23:21:30.276424 47662662442816 deprecation_wrapper.py:119] From /om/user/shobhita/src/insideness/data/data.py:123: The name tf.FixedLenFeature is deprecated. Please use tf.io.FixedLenFeature instead.

W1106 23:21:30.276704 47662662442816 deprecation_wrapper.py:119] From /om/user/shobhita/src/insideness/data/data.py:129: The name tf.parse_single_example is deprecated. Please use tf.io.parse_single_example instead.

W1106 23:21:30.425191 47662662442816 deprecation_wrapper.py:119] From /om/user/shobhita/src/insideness/runs/train.py:61: The name tf.placeholder is deprecated. Please use tf.compat.v1.placeholder instead.

W1106 23:21:30.425871 47662662442816 deprecation_wrapper.py:119] From /om/user/shobhita/src/insideness/runs/train.py:62: The name tf.data.Iterator is deprecated. Please use tf.compat.v1.data.Iterator instead.

W1106 23:21:30.425981 47662662442816 deprecation.py:323] From /om/user/shobhita/src/insideness/runs/train.py:63: DatasetV1.output_types (from tensorflow.python.data.ops.dataset_ops) is deprecated and will be removed in a future version.
Instructions for updating:
Use `tf.compat.v1.data.get_output_types(dataset)`.
W1106 23:21:30.426092 47662662442816 deprecation.py:323] From /om/user/shobhita/src/insideness/runs/train.py:63: DatasetV1.output_shapes (from tensorflow.python.data.ops.dataset_ops) is deprecated and will be removed in a future version.
Instructions for updating:
Use `tf.compat.v1.data.get_output_shapes(dataset)`.
W1106 23:21:30.428933 47662662442816 deprecation.py:323] From /om/user/shobhita/src/insideness/runs/train.py:65: DatasetV1.make_one_shot_iterator (from tensorflow.python.data.ops.dataset_ops) is deprecated and will be removed in a future version.
Instructions for updating:
Use `for ... in dataset:` to iterate over a dataset. If using `tf.estimator`, return the `Dataset` object directly from your input function. As a last resort, you can use `tf.compat.v1.data.make_one_shot_iterator(dataset)`.
W1106 23:21:30.450612 47662662442816 deprecation.py:323] From /om/user/shobhita/src/insideness/runs/train.py:68: DatasetV1.make_initializable_iterator (from tensorflow.python.data.ops.dataset_ops) is deprecated and will be removed in a future version.
Instructions for updating:
Use `for ... in dataset:` to iterate over a dataset. If using `tf.estimator`, return the `Dataset` object directly from your input function. As a last resort, you can use `tf.compat.v1.data.make_initializable_iterator(dataset)`.
W1106 23:21:30.468622 47662662442816 deprecation_wrapper.py:119] From /om/user/shobhita/src/insideness/nets/multiLSTM_init.py:49: The name tf.nn.rnn_cell.LSTMStateTuple is deprecated. Please use tf.compat.v1.nn.rnn_cell.LSTMStateTuple instead.

W1106 23:21:30.469907 47662662442816 deprecation_wrapper.py:119] From /om/user/shobhita/src/insideness/nets/multiLSTM_init.py:72: The name tf.variable_scope is deprecated. Please use tf.compat.v1.variable_scope instead.

W1106 23:21:30.689745 47662662442816 deprecation.py:506] From /usr/local/lib/python3.6/dist-packages/tensorflow/python/ops/init_ops.py:1251: calling VarianceScaling.__init__ (from tensorflow.python.ops.init_ops) with dtype is deprecated and will be removed in a future version.
Instructions for updating:
Call initializer instance with the dtype argument instead of passing it to the constructor
W1106 23:21:30.707472 47662662442816 deprecation.py:506] From /usr/local/lib/python3.6/dist-packages/tensorflow/contrib/rnn/python/ops/rnn_cell.py:2242: calling Constant.__init__ (from tensorflow.python.ops.init_ops) with dtype is deprecated and will be removed in a future version.
Instructions for updating:
Call initializer instance with the dtype argument instead of passing it to the constructor
W1106 23:21:31.571810 47662662442816 deprecation_wrapper.py:119] From /om/user/shobhita/src/insideness/runs/train.py:93: The name tf.summary.scalar is deprecated. Please use tf.compat.v1.summary.scalar instead.

TRAIN AT END
W1106 23:21:31.648544 47662662442816 deprecation_wrapper.py:119] From /om/user/shobhita/src/insideness/runs/train.py:145: The name tf.train.exponential_decay is deprecated. Please use tf.compat.v1.train.exponential_decay instead.

W1106 23:21:31.684083 47662662442816 deprecation_wrapper.py:119] From /om/user/shobhita/src/insideness/runs/train.py:170: The name tf.summary.image is deprecated. Please use tf.compat.v1.summary.image instead.

W1106 23:21:31.709579 47662662442816 deprecation_wrapper.py:119] From /om/user/shobhita/src/insideness/runs/train.py:187: The name tf.Session is deprecated. Please use tf.compat.v1.Session instead.

2019-11-06 23:21:31.711806: I tensorflow/stream_executor/platform/default/dso_loader.cc:42] Successfully opened dynamic library libcuda.so.1
2019-11-06 23:21:31.725147: I tensorflow/core/common_runtime/gpu/gpu_device.cc:1640] Found device 0 with properties: 
name: GeForce GTX TITAN X major: 5 minor: 2 memoryClockRate(GHz): 1.076
pciBusID: 0000:06:00.0
2019-11-06 23:21:31.728126: I tensorflow/stream_executor/platform/default/dso_loader.cc:42] Successfully opened dynamic library libcudart.so.10.0
2019-11-06 23:21:31.758648: I tensorflow/stream_executor/platform/default/dso_loader.cc:42] Successfully opened dynamic library libcublas.so.10.0
2019-11-06 23:21:31.775656: I tensorflow/stream_executor/platform/default/dso_loader.cc:42] Successfully opened dynamic library libcufft.so.10.0
2019-11-06 23:21:31.785654: I tensorflow/stream_executor/platform/default/dso_loader.cc:42] Successfully opened dynamic library libcurand.so.10.0
2019-11-06 23:21:31.820766: I tensorflow/stream_executor/platform/default/dso_loader.cc:42] Successfully opened dynamic library libcusolver.so.10.0
2019-11-06 23:21:31.843418: I tensorflow/stream_executor/platform/default/dso_loader.cc:42] Successfully opened dynamic library libcusparse.so.10.0
2019-11-06 23:21:31.905054: I tensorflow/stream_executor/platform/default/dso_loader.cc:42] Successfully opened dynamic library libcudnn.so.7
2019-11-06 23:21:31.906598: I tensorflow/core/common_runtime/gpu/gpu_device.cc:1763] Adding visible gpu devices: 0
2019-11-06 23:21:31.906946: I tensorflow/core/platform/cpu_feature_guard.cc:142] Your CPU supports instructions that this TensorFlow binary was not compiled to use: AVX2 FMA
2019-11-06 23:21:31.966900: I tensorflow/compiler/xla/service/service.cc:168] XLA service 0x5ed06a0 executing computations on platform CUDA. Devices:
2019-11-06 23:21:31.966961: I tensorflow/compiler/xla/service/service.cc:175]   StreamExecutor device (0): GeForce GTX TITAN X, Compute Capability 5.2
2019-11-06 23:21:31.987963: I tensorflow/core/platform/profile_utils/cpu_utils.cc:94] CPU Frequency: 2600000000 Hz
2019-11-06 23:21:31.988122: I tensorflow/compiler/xla/service/service.cc:168] XLA service 0x5ef1210 executing computations on platform Host. Devices:
2019-11-06 23:21:31.988163: I tensorflow/compiler/xla/service/service.cc:175]   StreamExecutor device (0): <undefined>, <undefined>
2019-11-06 23:21:31.990051: I tensorflow/core/common_runtime/gpu/gpu_device.cc:1640] Found device 0 with properties: 
name: GeForce GTX TITAN X major: 5 minor: 2 memoryClockRate(GHz): 1.076
pciBusID: 0000:06:00.0
2019-11-06 23:21:31.990116: I tensorflow/stream_executor/platform/default/dso_loader.cc:42] Successfully opened dynamic library libcudart.so.10.0
2019-11-06 23:21:31.990143: I tensorflow/stream_executor/platform/default/dso_loader.cc:42] Successfully opened dynamic library libcublas.so.10.0
2019-11-06 23:21:31.990166: I tensorflow/stream_executor/platform/default/dso_loader.cc:42] Successfully opened dynamic library libcufft.so.10.0
2019-11-06 23:21:31.990188: I tensorflow/stream_executor/platform/default/dso_loader.cc:42] Successfully opened dynamic library libcurand.so.10.0
2019-11-06 23:21:31.990210: I tensorflow/stream_executor/platform/default/dso_loader.cc:42] Successfully opened dynamic library libcusolver.so.10.0
2019-11-06 23:21:31.990232: I tensorflow/stream_executor/platform/default/dso_loader.cc:42] Successfully opened dynamic library libcusparse.so.10.0
2019-11-06 23:21:31.990254: I tensorflow/stream_executor/platform/default/dso_loader.cc:42] Successfully opened dynamic library libcudnn.so.7
2019-11-06 23:21:31.991592: I tensorflow/core/common_runtime/gpu/gpu_device.cc:1763] Adding visible gpu devices: 0
2019-11-06 23:21:31.993333: I tensorflow/stream_executor/platform/default/dso_loader.cc:42] Successfully opened dynamic library libcudart.so.10.0
2019-11-06 23:21:31.994366: I tensorflow/core/common_runtime/gpu/gpu_device.cc:1181] Device interconnect StreamExecutor with strength 1 edge matrix:
2019-11-06 23:21:31.994429: I tensorflow/core/common_runtime/gpu/gpu_device.cc:1187]      0 
2019-11-06 23:21:31.994459: I tensorflow/core/common_runtime/gpu/gpu_device.cc:1200] 0:   N 
2019-11-06 23:21:31.997828: I tensorflow/core/common_runtime/gpu/gpu_device.cc:1326] Created TensorFlow device (/job:localhost/replica:0/task:0/device:GPU:0 with 11498 MB memory) -> physical GPU (device: 0, name: GeForce GTX TITAN X, pci bus id: 0000:06:00.0, compute capability: 5.2)
W1106 23:21:31.998661 47662662442816 deprecation_wrapper.py:119] From /om/user/shobhita/src/insideness/runs/train.py:196: The name tf.train.MomentumOptimizer is deprecated. Please use tf.compat.v1.train.MomentumOptimizer instead.

W1106 23:21:36.465415 47662662442816 deprecation_wrapper.py:119] From /om/user/shobhita/src/insideness/runs/train.py:211: The name tf.train.Saver is deprecated. Please use tf.compat.v1.train.Saver instead.

2019-11-06 23:21:36.724090: W tensorflow/compiler/jit/mark_for_compilation_pass.cc:1412] (One-time warning): Not using XLA:CPU for cluster because envvar TF_XLA_FLAGS=--tf_xla_cpu_global_jit was not set.  If you want XLA:CPU, either set that envvar, or use experimental_jit_scope to enable XLA:CPU.  To confirm that XLA is active, pass --vmodule=xla_compilation_cache=1 (as a proper command-line flag, not via TF_XLA_FLAGS) or set the envvar XLA_FLAGS=--xla_hlo_profile.
W1106 23:21:39.039215 47662662442816 deprecation_wrapper.py:119] From /om/user/shobhita/src/insideness/runs/train.py:242: The name tf.summary.merge_all is deprecated. Please use tf.compat.v1.summary.merge_all instead.

W1106 23:21:39.040523 47662662442816 deprecation_wrapper.py:119] From /om/user/shobhita/src/insideness/runs/train.py:243: The name tf.summary.FileWriter is deprecated. Please use tf.compat.v1.summary.FileWriter instead.

2019-11-06 23:21:47.819467: I tensorflow/core/profiler/lib/profiler_session.cc:174] Profiler session started.
2019-11-06 23:21:47.835101: I tensorflow/stream_executor/platform/default/dso_loader.cc:42] Successfully opened dynamic library libcupti.so.10.0
2019-11-06 23:21:47.928131: I tensorflow/stream_executor/platform/default/dso_loader.cc:42] Successfully opened dynamic library libcudnn.so.7
2019-11-06 23:21:49.769436: I tensorflow/core/platform/default/device_tracer.cc:641] Collecting 1161 kernel records, 17 memcpy records.
INIT
STARTING EPOCH =  0
* epoch: 0.0
train acc: 0.0
train acc loose: 0.6172488
train loss: 0.68156403
val acc: 0.0
val acc loose: 0.6038236
val loss: 0.6818541
----------------
2019-11-06 23:24:20.932991: I tensorflow/core/profiler/lib/profiler_session.cc:174] Profiler session started.
2019-11-06 23:24:20.967130: I tensorflow/core/platform/default/device_tracer.cc:641] Collecting 1126 kernel records, 16 memcpy records.
* epoch: 1.0
train acc: 0.0
train acc loose: 0.5
train loss: 0.2402704
val acc: 0.0
val acc loose: 0.5
val loss: 0.24027291
----------------
2019-11-06 23:26:38.567175: I tensorflow/core/profiler/lib/profiler_session.cc:174] Profiler session started.
2019-11-06 23:26:38.597330: I tensorflow/core/platform/default/device_tracer.cc:641] Collecting 1126 kernel records, 16 memcpy records.
W1106 23:26:43.137349 47662662442816 deprecation.py:323] From /usr/local/lib/python3.6/dist-packages/tensorflow/python/training/saver.py:960: remove_checkpoint (from tensorflow.python.training.checkpoint_management) is deprecated and will be removed in a future version.
Instructions for updating:
Use standard file APIs to delete files with this prefix.
* epoch: 2.0
train acc: 0.0
train acc loose: 0.5
train loss: 0.24021806
val acc: 0.0
val acc loose: 0.5
val loss: 0.24021794
----------------
2019-11-06 23:28:59.623603: I tensorflow/core/profiler/lib/profiler_session.cc:174] Profiler session started.
2019-11-06 23:28:59.657978: I tensorflow/core/platform/default/device_tracer.cc:641] Collecting 1126 kernel records, 16 memcpy records.
* epoch: 3.0
train acc: 0.0
train acc loose: 0.5
train loss: 0.24020155
val acc: 0.0
val acc loose: 0.5
val loss: 0.2402013
----------------
2019-11-06 23:31:20.360869: I tensorflow/core/profiler/lib/profiler_session.cc:174] Profiler session started.
2019-11-06 23:31:20.392471: I tensorflow/core/platform/default/device_tracer.cc:641] Collecting 1126 kernel records, 16 memcpy records.
* epoch: 4.0
train acc: 0.0
train acc loose: 0.5
train loss: 0.24019337
val acc: 0.0
val acc loose: 0.5
val loss: 0.2401933
----------------
2019-11-06 23:33:37.238513: I tensorflow/core/profiler/lib/profiler_session.cc:174] Profiler session started.
2019-11-06 23:33:37.271595: I tensorflow/core/platform/default/device_tracer.cc:641] Collecting 1126 kernel records, 16 memcpy records.
* epoch: 5.0
train acc: 0.0
train acc loose: 0.5
train loss: 0.24018812
val acc: 0.0
val acc loose: 0.5
val loss: 0.24018836
----------------
2019-11-06 23:35:54.104322: I tensorflow/core/profiler/lib/profiler_session.cc:174] Profiler session started.
2019-11-06 23:35:54.208471: I tensorflow/core/platform/default/device_tracer.cc:641] Collecting 1126 kernel records, 16 memcpy records.
* epoch: 6.0
train acc: 0.0
train acc loose: 0.5
train loss: 0.24018401
val acc: 0.0
val acc loose: 0.5
val loss: 0.24018386
----------------
2019-11-06 23:38:10.923277: I tensorflow/core/profiler/lib/profiler_session.cc:174] Profiler session started.
2019-11-06 23:38:10.955785: I tensorflow/core/platform/default/device_tracer.cc:641] Collecting 1126 kernel records, 16 memcpy records.
* epoch: 7.0
train acc: 0.0
train acc loose: 0.5
train loss: 0.24018177
val acc: 0.0
val acc loose: 0.5
val loss: 0.24018201
----------------
2019-11-06 23:40:30.611777: I tensorflow/core/profiler/lib/profiler_session.cc:174] Profiler session started.
2019-11-06 23:40:30.644348: I tensorflow/core/platform/default/device_tracer.cc:641] Collecting 1126 kernel records, 16 memcpy records.
* epoch: 8.0
train acc: 0.0
train acc loose: 0.5
train loss: 0.24018048
val acc: 0.0
val acc loose: 0.5
val loss: 0.24018067
----------------
2019-11-06 23:42:48.520450: I tensorflow/core/profiler/lib/profiler_session.cc:174] Profiler session started.
2019-11-06 23:42:48.550770: I tensorflow/core/platform/default/device_tracer.cc:641] Collecting 1126 kernel records, 16 memcpy records.
* epoch: 9.0
train acc: 0.0
train acc loose: 0.5
train loss: 0.24017942
val acc: 0.0
val acc loose: 0.5
val loss: 0.24017948
----------------
Total train = 95008.0
Full train = 0.0
Full train loose = 0.5
Total val = 95008.0
Full val = 0.0
Full val loose = 0.5
Total test = 95008.0
Full test = 0.0
Full test loose = 0.5
:)

DONE.
