node047
tensor([[0.6472, 0.2531, 0.8401],
        [0.1800, 0.1169, 0.6262]], device='cuda:0')

        

        id: 0,
        name: DATA_C0_D0,
        dataset_path: ,
        num_images_training: 10.0,
        num_images_testing: 10000.0,
        complexity: 0,
        

        

        id: 1,
        name: DATA_C0_D0,
        dataset_path: ,
        num_images_training: 10.0,
        num_images_testing: 10000.0,
        complexity: 0,
        

        

        id: 2,
        name: DATA_C1_D0,
        dataset_path: ,
        num_images_training: 10.0,
        num_images_testing: 10000.0,
        complexity: 1,
        

        

        id: 3,
        name: DATA_C1_D0,
        dataset_path: ,
        num_images_training: 10.0,
        num_images_testing: 10000.0,
        complexity: 1,
        

        

        id: 4,
        name: DATA_C2_D0,
        dataset_path: ,
        num_images_training: 10.0,
        num_images_testing: 10000.0,
        complexity: 2,
        

        

        id: 5,
        name: DATA_C2_D0,
        dataset_path: ,
        num_images_training: 10.0,
        num_images_testing: 10000.0,
        complexity: 2,
        

        

        id: 6,
        name: DATA_C3_D0,
        dataset_path: ,
        num_images_training: 10.0,
        num_images_testing: 10000.0,
        complexity: 3,
        

        

        id: 7,
        name: DATA_C3_D0,
        dataset_path: ,
        num_images_training: 10.0,
        num_images_testing: 10000.0,
        complexity: 3,
        

        

        id: 8,
        name: DATA_C4_D0,
        dataset_path: ,
        num_images_training: 10.0,
        num_images_testing: 10000.0,
        complexity: 4,
        

        

        id: 9,
        name: DATA_C4_D0,
        dataset_path: ,
        num_images_training: 10.0,
        num_images_testing: 10000.0,
        complexity: 4,
        

        

        id: 10,
        name: DATA_C0_D1,
        dataset_path: ,
        num_images_training: 100.0,
        num_images_testing: 10000.0,
        complexity: 0,
        

        

        id: 11,
        name: DATA_C0_D1,
        dataset_path: ,
        num_images_training: 100.0,
        num_images_testing: 10000.0,
        complexity: 0,
        

        

        id: 12,
        name: DATA_C1_D1,
        dataset_path: ,
        num_images_training: 100.0,
        num_images_testing: 10000.0,
        complexity: 1,
        

        

        id: 13,
        name: DATA_C1_D1,
        dataset_path: ,
        num_images_training: 100.0,
        num_images_testing: 10000.0,
        complexity: 1,
        

        

        id: 14,
        name: DATA_C2_D1,
        dataset_path: ,
        num_images_training: 100.0,
        num_images_testing: 10000.0,
        complexity: 2,
        

        

        id: 15,
        name: DATA_C2_D1,
        dataset_path: ,
        num_images_training: 100.0,
        num_images_testing: 10000.0,
        complexity: 2,
        

        

        id: 16,
        name: DATA_C3_D1,
        dataset_path: ,
        num_images_training: 100.0,
        num_images_testing: 10000.0,
        complexity: 3,
        

        

        id: 17,
        name: DATA_C3_D1,
        dataset_path: ,
        num_images_training: 100.0,
        num_images_testing: 10000.0,
        complexity: 3,
        

        

        id: 18,
        name: DATA_C4_D1,
        dataset_path: ,
        num_images_training: 100.0,
        num_images_testing: 10000.0,
        complexity: 4,
        

        

        id: 19,
        name: DATA_C4_D1,
        dataset_path: ,
        num_images_training: 100.0,
        num_images_testing: 10000.0,
        complexity: 4,
        

        

        id: 20,
        name: DATA_C0_D2,
        dataset_path: ,
        num_images_training: 1000.0,
        num_images_testing: 10000.0,
        complexity: 0,
        

        

        id: 21,
        name: DATA_C0_D2,
        dataset_path: ,
        num_images_training: 1000.0,
        num_images_testing: 10000.0,
        complexity: 0,
        

        

        id: 22,
        name: DATA_C1_D2,
        dataset_path: ,
        num_images_training: 1000.0,
        num_images_testing: 10000.0,
        complexity: 1,
        

        

        id: 23,
        name: DATA_C1_D2,
        dataset_path: ,
        num_images_training: 1000.0,
        num_images_testing: 10000.0,
        complexity: 1,
        

        

        id: 24,
        name: DATA_C2_D2,
        dataset_path: ,
        num_images_training: 1000.0,
        num_images_testing: 10000.0,
        complexity: 2,
        

        

        id: 25,
        name: DATA_C2_D2,
        dataset_path: ,
        num_images_training: 1000.0,
        num_images_testing: 10000.0,
        complexity: 2,
        

        

        id: 26,
        name: DATA_C3_D2,
        dataset_path: ,
        num_images_training: 1000.0,
        num_images_testing: 10000.0,
        complexity: 3,
        

        

        id: 27,
        name: DATA_C3_D2,
        dataset_path: ,
        num_images_training: 1000.0,
        num_images_testing: 10000.0,
        complexity: 3,
        

        

        id: 28,
        name: DATA_C4_D2,
        dataset_path: ,
        num_images_training: 1000.0,
        num_images_testing: 10000.0,
        complexity: 4,
        

        

        id: 29,
        name: DATA_C4_D2,
        dataset_path: ,
        num_images_training: 1000.0,
        num_images_testing: 10000.0,
        complexity: 4,
        

        

        id: 30,
        name: DATA_C0_D3,
        dataset_path: ,
        num_images_training: 10000.0,
        num_images_testing: 10000.0,
        complexity: 0,
        

        

        id: 31,
        name: DATA_C0_D3,
        dataset_path: ,
        num_images_training: 10000.0,
        num_images_testing: 10000.0,
        complexity: 0,
        

        

        id: 32,
        name: DATA_C1_D3,
        dataset_path: ,
        num_images_training: 10000.0,
        num_images_testing: 10000.0,
        complexity: 1,
        

        

        id: 33,
        name: DATA_C1_D3,
        dataset_path: ,
        num_images_training: 10000.0,
        num_images_testing: 10000.0,
        complexity: 1,
        

        

        id: 34,
        name: DATA_C2_D3,
        dataset_path: ,
        num_images_training: 10000.0,
        num_images_testing: 10000.0,
        complexity: 2,
        

        

        id: 35,
        name: DATA_C2_D3,
        dataset_path: ,
        num_images_training: 10000.0,
        num_images_testing: 10000.0,
        complexity: 2,
        

        

        id: 36,
        name: DATA_C3_D3,
        dataset_path: ,
        num_images_training: 10000.0,
        num_images_testing: 10000.0,
        complexity: 3,
        

        

        id: 37,
        name: DATA_C3_D3,
        dataset_path: ,
        num_images_training: 10000.0,
        num_images_testing: 10000.0,
        complexity: 3,
        

        

        id: 38,
        name: DATA_C4_D3,
        dataset_path: ,
        num_images_training: 10000.0,
        num_images_testing: 10000.0,
        complexity: 4,
        

        

        id: 39,
        name: DATA_C4_D3,
        dataset_path: ,
        num_images_training: 10000.0,
        num_images_testing: 10000.0,
        complexity: 4,
        

        

        id: 40,
        name: DATA_C0_D4,
        dataset_path: ,
        num_images_training: 100000.0,
        num_images_testing: 10000.0,
        complexity: 0,
        

        

        id: 41,
        name: DATA_C0_D4,
        dataset_path: ,
        num_images_training: 100000.0,
        num_images_testing: 10000.0,
        complexity: 0,
        

        

        id: 42,
        name: DATA_C1_D4,
        dataset_path: ,
        num_images_training: 100000.0,
        num_images_testing: 10000.0,
        complexity: 1,
        

        

        id: 43,
        name: DATA_C1_D4,
        dataset_path: ,
        num_images_training: 100000.0,
        num_images_testing: 10000.0,
        complexity: 1,
        

        

        id: 44,
        name: DATA_C2_D4,
        dataset_path: ,
        num_images_training: 100000.0,
        num_images_testing: 10000.0,
        complexity: 2,
        

        

        id: 45,
        name: DATA_C2_D4,
        dataset_path: ,
        num_images_training: 100000.0,
        num_images_testing: 10000.0,
        complexity: 2,
        

        

        id: 46,
        name: DATA_C3_D4,
        dataset_path: ,
        num_images_training: 100000.0,
        num_images_testing: 10000.0,
        complexity: 3,
        

        

        id: 47,
        name: DATA_C3_D4,
        dataset_path: ,
        num_images_training: 100000.0,
        num_images_testing: 10000.0,
        complexity: 3,
        

        

        id: 48,
        name: DATA_C4_D4,
        dataset_path: ,
        num_images_training: 100000.0,
        num_images_testing: 10000.0,
        complexity: 4,
        

        

        id: 49,
        name: DATA_C4_D4,
        dataset_path: ,
        num_images_training: 100000.0,
        num_images_testing: 10000.0,
        complexity: 4,
        

        

        id: 50,
        name: DATA_C5_D0,
        dataset_path: ,
        num_images_training: 100000.0,
        num_images_testing: 10000.0,
        complexity: 5,
        

        

        id: 51,
        name: DATA_C5_D0,
        dataset_path: ,
        num_images_training: 100000.0,
        num_images_testing: 10000.0,
        complexity: 5,
        

        

        id: 52,
        name: DATA_C6_D0,
        dataset_path: ,
        num_images_training: 200000.0,
        num_images_testing: 20000.0,
        complexity: 6,
        

        

        id: 53,
        name: DATA_C7_D0,
        dataset_path: ,
        num_images_training: 100000.0,
        num_images_testing: 10000.0,
        complexity: 7,
        

        

        id: 54,
        name: DATA_C0_D0,
        dataset_path: ,
        num_images_training: 100000.0,
        num_images_testing: 10000.0,
        complexity: 0,
        

        

        id: 55,
        name: DATA_C1_D0,
        dataset_path: ,
        num_images_training: 100000.0,
        num_images_testing: 10000.0,
        complexity: 1,
        

        

        id: 56,
        name: DATA_C1_D0,
        dataset_path: ,
        num_images_training: 100000.0,
        num_images_testing: 10000.0,
        complexity: 1,
        

        

        id: 57,
        name: DATA_C3_D0,
        dataset_path: ,
        num_images_training: 100000.0,
        num_images_testing: 10000.0,
        complexity: 3,
        

        

        id: 58,
        name: DATA_C4_D0,
        dataset_path: ,
        num_images_training: 100000.0,
        num_images_testing: 10000.0,
        complexity: 4,
        

        

        id: 59,
        name: DATA_C5_D0,
        dataset_path: ,
        num_images_training: 100000.0,
        num_images_testing: 10000.0,
        complexity: 5,
        

        

        id: 60,
        name: DATA_C5_D0,
        dataset_path: ,
        num_images_training: 100000.0,
        num_images_testing: 10000.0,
        complexity: 5,
        

        

        id: 61,
        name: DATA_C5_D0,
        dataset_path: ,
        num_images_training: 100000.0,
        num_images_testing: 10000.0,
        complexity: 5,
        

        

        id: 62,
        name: DATA_C5_D0,
        dataset_path: ,
        num_images_training: 100000.0,
        num_images_testing: 10000.0,
        complexity: 5,
        

        

        id: 63,
        name: DATA_C5_D0,
        dataset_path: ,
        num_images_training: 100000.0,
        num_images_testing: 10000.0,
        complexity: 5,
        

TRAINING
ID18_MultiLSTMInit_D54
1
10
0.01
0.1
32
REUSING TFRECORDS
WARNING: Logging before flag parsing goes to stderr.
W1106 22:55:18.432752 47034925023040 deprecation_wrapper.py:119] From /om/user/shobhita/src/insideness/data/data.py:123: The name tf.FixedLenFeature is deprecated. Please use tf.io.FixedLenFeature instead.

W1106 22:55:18.433027 47034925023040 deprecation_wrapper.py:119] From /om/user/shobhita/src/insideness/data/data.py:129: The name tf.parse_single_example is deprecated. Please use tf.io.parse_single_example instead.

W1106 22:55:18.593636 47034925023040 deprecation_wrapper.py:119] From /om/user/shobhita/src/insideness/runs/train.py:61: The name tf.placeholder is deprecated. Please use tf.compat.v1.placeholder instead.

W1106 22:55:18.594370 47034925023040 deprecation_wrapper.py:119] From /om/user/shobhita/src/insideness/runs/train.py:62: The name tf.data.Iterator is deprecated. Please use tf.compat.v1.data.Iterator instead.

W1106 22:55:18.594487 47034925023040 deprecation.py:323] From /om/user/shobhita/src/insideness/runs/train.py:63: DatasetV1.output_types (from tensorflow.python.data.ops.dataset_ops) is deprecated and will be removed in a future version.
Instructions for updating:
Use `tf.compat.v1.data.get_output_types(dataset)`.
W1106 22:55:18.594600 47034925023040 deprecation.py:323] From /om/user/shobhita/src/insideness/runs/train.py:63: DatasetV1.output_shapes (from tensorflow.python.data.ops.dataset_ops) is deprecated and will be removed in a future version.
Instructions for updating:
Use `tf.compat.v1.data.get_output_shapes(dataset)`.
W1106 22:55:18.597461 47034925023040 deprecation.py:323] From /om/user/shobhita/src/insideness/runs/train.py:65: DatasetV1.make_one_shot_iterator (from tensorflow.python.data.ops.dataset_ops) is deprecated and will be removed in a future version.
Instructions for updating:
Use `for ... in dataset:` to iterate over a dataset. If using `tf.estimator`, return the `Dataset` object directly from your input function. As a last resort, you can use `tf.compat.v1.data.make_one_shot_iterator(dataset)`.
W1106 22:55:18.623813 47034925023040 deprecation.py:323] From /om/user/shobhita/src/insideness/runs/train.py:68: DatasetV1.make_initializable_iterator (from tensorflow.python.data.ops.dataset_ops) is deprecated and will be removed in a future version.
Instructions for updating:
Use `for ... in dataset:` to iterate over a dataset. If using `tf.estimator`, return the `Dataset` object directly from your input function. As a last resort, you can use `tf.compat.v1.data.make_initializable_iterator(dataset)`.
W1106 22:55:18.642170 47034925023040 deprecation_wrapper.py:119] From /om/user/shobhita/src/insideness/nets/multiLSTM_init.py:49: The name tf.nn.rnn_cell.LSTMStateTuple is deprecated. Please use tf.compat.v1.nn.rnn_cell.LSTMStateTuple instead.

W1106 22:55:18.643553 47034925023040 deprecation_wrapper.py:119] From /om/user/shobhita/src/insideness/nets/multiLSTM_init.py:72: The name tf.variable_scope is deprecated. Please use tf.compat.v1.variable_scope instead.

W1106 22:55:18.882560 47034925023040 deprecation.py:506] From /usr/local/lib/python3.6/dist-packages/tensorflow/python/ops/init_ops.py:1251: calling VarianceScaling.__init__ (from tensorflow.python.ops.init_ops) with dtype is deprecated and will be removed in a future version.
Instructions for updating:
Call initializer instance with the dtype argument instead of passing it to the constructor
W1106 22:55:18.922897 47034925023040 deprecation.py:506] From /usr/local/lib/python3.6/dist-packages/tensorflow/contrib/rnn/python/ops/rnn_cell.py:2242: calling Constant.__init__ (from tensorflow.python.ops.init_ops) with dtype is deprecated and will be removed in a future version.
Instructions for updating:
Call initializer instance with the dtype argument instead of passing it to the constructor
W1106 22:55:19.254632 47034925023040 deprecation_wrapper.py:119] From /om/user/shobhita/src/insideness/runs/train.py:93: The name tf.summary.scalar is deprecated. Please use tf.compat.v1.summary.scalar instead.

TRAIN AT END
W1106 22:55:19.405521 47034925023040 deprecation_wrapper.py:119] From /om/user/shobhita/src/insideness/runs/train.py:145: The name tf.train.exponential_decay is deprecated. Please use tf.compat.v1.train.exponential_decay instead.

W1106 22:55:19.441803 47034925023040 deprecation_wrapper.py:119] From /om/user/shobhita/src/insideness/runs/train.py:170: The name tf.summary.image is deprecated. Please use tf.compat.v1.summary.image instead.

W1106 22:55:19.467792 47034925023040 deprecation_wrapper.py:119] From /om/user/shobhita/src/insideness/runs/train.py:187: The name tf.Session is deprecated. Please use tf.compat.v1.Session instead.

2019-11-06 22:55:19.475624: I tensorflow/stream_executor/platform/default/dso_loader.cc:42] Successfully opened dynamic library libcuda.so.1
2019-11-06 22:55:19.500027: I tensorflow/core/common_runtime/gpu/gpu_device.cc:1640] Found device 0 with properties: 
name: GeForce GTX TITAN X major: 5 minor: 2 memoryClockRate(GHz): 1.076
pciBusID: 0000:06:00.0
2019-11-06 22:55:19.573765: I tensorflow/stream_executor/platform/default/dso_loader.cc:42] Successfully opened dynamic library libcudart.so.10.0
2019-11-06 22:55:19.775235: I tensorflow/stream_executor/platform/default/dso_loader.cc:42] Successfully opened dynamic library libcublas.so.10.0
2019-11-06 22:55:19.849706: I tensorflow/stream_executor/platform/default/dso_loader.cc:42] Successfully opened dynamic library libcufft.so.10.0
2019-11-06 22:55:19.894962: I tensorflow/stream_executor/platform/default/dso_loader.cc:42] Successfully opened dynamic library libcurand.so.10.0
2019-11-06 22:55:20.021909: I tensorflow/stream_executor/platform/default/dso_loader.cc:42] Successfully opened dynamic library libcusolver.so.10.0
2019-11-06 22:55:20.072411: I tensorflow/stream_executor/platform/default/dso_loader.cc:42] Successfully opened dynamic library libcusparse.so.10.0
2019-11-06 22:55:20.300401: I tensorflow/stream_executor/platform/default/dso_loader.cc:42] Successfully opened dynamic library libcudnn.so.7
2019-11-06 22:55:20.302482: I tensorflow/core/common_runtime/gpu/gpu_device.cc:1763] Adding visible gpu devices: 0
2019-11-06 22:55:20.303769: I tensorflow/core/platform/cpu_feature_guard.cc:142] Your CPU supports instructions that this TensorFlow binary was not compiled to use: AVX2 FMA
2019-11-06 22:55:20.480470: I tensorflow/compiler/xla/service/service.cc:168] XLA service 0x5682670 executing computations on platform CUDA. Devices:
2019-11-06 22:55:20.480528: I tensorflow/compiler/xla/service/service.cc:175]   StreamExecutor device (0): GeForce GTX TITAN X, Compute Capability 5.2
2019-11-06 22:55:20.560911: I tensorflow/core/platform/profile_utils/cpu_utils.cc:94] CPU Frequency: 2599855000 Hz
2019-11-06 22:55:20.561089: I tensorflow/compiler/xla/service/service.cc:168] XLA service 0x60d4de0 executing computations on platform Host. Devices:
2019-11-06 22:55:20.561133: I tensorflow/compiler/xla/service/service.cc:175]   StreamExecutor device (0): <undefined>, <undefined>
2019-11-06 22:55:20.565567: I tensorflow/core/common_runtime/gpu/gpu_device.cc:1640] Found device 0 with properties: 
name: GeForce GTX TITAN X major: 5 minor: 2 memoryClockRate(GHz): 1.076
pciBusID: 0000:06:00.0
2019-11-06 22:55:20.565632: I tensorflow/stream_executor/platform/default/dso_loader.cc:42] Successfully opened dynamic library libcudart.so.10.0
2019-11-06 22:55:20.565659: I tensorflow/stream_executor/platform/default/dso_loader.cc:42] Successfully opened dynamic library libcublas.so.10.0
2019-11-06 22:55:20.565682: I tensorflow/stream_executor/platform/default/dso_loader.cc:42] Successfully opened dynamic library libcufft.so.10.0
2019-11-06 22:55:20.565704: I tensorflow/stream_executor/platform/default/dso_loader.cc:42] Successfully opened dynamic library libcurand.so.10.0
2019-11-06 22:55:20.565725: I tensorflow/stream_executor/platform/default/dso_loader.cc:42] Successfully opened dynamic library libcusolver.so.10.0
2019-11-06 22:55:20.565747: I tensorflow/stream_executor/platform/default/dso_loader.cc:42] Successfully opened dynamic library libcusparse.so.10.0
2019-11-06 22:55:20.565771: I tensorflow/stream_executor/platform/default/dso_loader.cc:42] Successfully opened dynamic library libcudnn.so.7
2019-11-06 22:55:20.566989: I tensorflow/core/common_runtime/gpu/gpu_device.cc:1763] Adding visible gpu devices: 0
2019-11-06 22:55:20.572401: I tensorflow/stream_executor/platform/default/dso_loader.cc:42] Successfully opened dynamic library libcudart.so.10.0
2019-11-06 22:55:20.573401: I tensorflow/core/common_runtime/gpu/gpu_device.cc:1181] Device interconnect StreamExecutor with strength 1 edge matrix:
2019-11-06 22:55:20.573445: I tensorflow/core/common_runtime/gpu/gpu_device.cc:1187]      0 
2019-11-06 22:55:20.573463: I tensorflow/core/common_runtime/gpu/gpu_device.cc:1200] 0:   N 
2019-11-06 22:55:20.578936: I tensorflow/core/common_runtime/gpu/gpu_device.cc:1326] Created TensorFlow device (/job:localhost/replica:0/task:0/device:GPU:0 with 11492 MB memory) -> physical GPU (device: 0, name: GeForce GTX TITAN X, pci bus id: 0000:06:00.0, compute capability: 5.2)
W1106 22:55:20.579820 47034925023040 deprecation_wrapper.py:119] From /om/user/shobhita/src/insideness/runs/train.py:196: The name tf.train.MomentumOptimizer is deprecated. Please use tf.compat.v1.train.MomentumOptimizer instead.

W1106 22:55:22.335599 47034925023040 deprecation_wrapper.py:119] From /om/user/shobhita/src/insideness/runs/train.py:211: The name tf.train.Saver is deprecated. Please use tf.compat.v1.train.Saver instead.

2019-11-06 22:55:22.550937: W tensorflow/compiler/jit/mark_for_compilation_pass.cc:1412] (One-time warning): Not using XLA:CPU for cluster because envvar TF_XLA_FLAGS=--tf_xla_cpu_global_jit was not set.  If you want XLA:CPU, either set that envvar, or use experimental_jit_scope to enable XLA:CPU.  To confirm that XLA is active, pass --vmodule=xla_compilation_cache=1 (as a proper command-line flag, not via TF_XLA_FLAGS) or set the envvar XLA_FLAGS=--xla_hlo_profile.
W1106 22:55:27.021373 47034925023040 deprecation_wrapper.py:119] From /om/user/shobhita/src/insideness/runs/train.py:242: The name tf.summary.merge_all is deprecated. Please use tf.compat.v1.summary.merge_all instead.

W1106 22:55:27.023336 47034925023040 deprecation_wrapper.py:119] From /om/user/shobhita/src/insideness/runs/train.py:243: The name tf.summary.FileWriter is deprecated. Please use tf.compat.v1.summary.FileWriter instead.

2019-11-06 22:55:27.798769: I tensorflow/core/profiler/lib/profiler_session.cc:174] Profiler session started.
2019-11-06 22:55:27.831259: I tensorflow/stream_executor/platform/default/dso_loader.cc:42] Successfully opened dynamic library libcupti.so.10.0
2019-11-06 22:55:28.038297: I tensorflow/stream_executor/platform/default/dso_loader.cc:42] Successfully opened dynamic library libcudnn.so.7
2019-11-06 22:55:31.743307: I tensorflow/core/platform/default/device_tracer.cc:641] Collecting 441 kernel records, 17 memcpy records.
INIT
STARTING EPOCH =  0
* epoch: 0.0
train acc: 0.0
train acc loose: 0.42543554
train loss: 0.7345171
val acc: 0.0
val acc loose: 0.41656458
val loss: 0.73439884
----------------
2019-11-06 22:56:29.535267: I tensorflow/core/profiler/lib/profiler_session.cc:174] Profiler session started.
2019-11-06 22:56:29.551386: I tensorflow/core/platform/default/device_tracer.cc:641] Collecting 406 kernel records, 16 memcpy records.
* epoch: 1.0
train acc: 0.71875
train acc loose: 0.9983058
train loss: 0.12775809
val acc: 0.65625
val acc loose: 0.9978943
val loss: 0.12793075
----------------
2019-11-06 22:57:27.216087: I tensorflow/core/profiler/lib/profiler_session.cc:174] Profiler session started.
2019-11-06 22:57:27.233435: I tensorflow/core/platform/default/device_tracer.cc:641] Collecting 406 kernel records, 16 memcpy records.
W1106 22:57:27.272567 47034925023040 deprecation.py:323] From /usr/local/lib/python3.6/dist-packages/tensorflow/python/training/saver.py:960: remove_checkpoint (from tensorflow.python.training.checkpoint_management) is deprecated and will be removed in a future version.
Instructions for updating:
Use standard file APIs to delete files with this prefix.
* epoch: 2.0
train acc: 1.0
train acc loose: 1.0
train loss: 0.12705216
val acc: 0.96875
val acc loose: 0.99978596
val loss: 0.12707445
----------------
2019-11-06 22:58:25.507870: I tensorflow/core/profiler/lib/profiler_session.cc:174] Profiler session started.
2019-11-06 22:58:25.531018: I tensorflow/core/platform/default/device_tracer.cc:641] Collecting 406 kernel records, 16 memcpy records.
* epoch: 3.0
train acc: 0.96875
train acc loose: 0.99980944
train loss: 0.12706974
val acc: 0.96875
val acc loose: 0.99980944
val loss: 0.12706685
----------------
2019-11-06 22:59:24.402815: I tensorflow/core/profiler/lib/profiler_session.cc:174] Profiler session started.
2019-11-06 22:59:24.422979: I tensorflow/core/platform/default/device_tracer.cc:641] Collecting 406 kernel records, 16 memcpy records.
* epoch: 4.0
train acc: 1.0
train acc loose: 1.0
train loss: 0.12697354
val acc: 1.0
val acc loose: 1.0
val loss: 0.12696959
----------------
2019-11-06 23:00:20.578564: I tensorflow/core/profiler/lib/profiler_session.cc:174] Profiler session started.
2019-11-06 23:00:20.594544: I tensorflow/core/platform/default/device_tracer.cc:641] Collecting 406 kernel records, 16 memcpy records.
* epoch: 5.0
train acc: 1.0
train acc loose: 1.0
train loss: 0.12696081
val acc: 1.0
val acc loose: 1.0
val loss: 0.12696333
----------------
2019-11-06 23:01:21.900995: I tensorflow/core/profiler/lib/profiler_session.cc:174] Profiler session started.
2019-11-06 23:01:21.918485: I tensorflow/core/platform/default/device_tracer.cc:641] Collecting 406 kernel records, 16 memcpy records.
* epoch: 6.0
train acc: 1.0
train acc loose: 1.0
train loss: 0.12695858
val acc: 1.0
val acc loose: 1.0
val loss: 0.12696895
----------------
2019-11-06 23:02:17.907844: I tensorflow/core/profiler/lib/profiler_session.cc:174] Profiler session started.
2019-11-06 23:02:17.925255: I tensorflow/core/platform/default/device_tracer.cc:641] Collecting 406 kernel records, 16 memcpy records.
* epoch: 7.0
train acc: 1.0
train acc loose: 1.0
train loss: 0.12695271
val acc: 1.0
val acc loose: 1.0
val loss: 0.12695572
----------------
2019-11-06 23:03:17.757718: I tensorflow/core/profiler/lib/profiler_session.cc:174] Profiler session started.
2019-11-06 23:03:17.775855: I tensorflow/core/platform/default/device_tracer.cc:641] Collecting 406 kernel records, 16 memcpy records.
* epoch: 8.0
train acc: 1.0
train acc loose: 1.0
train loss: 0.12694928
val acc: 1.0
val acc loose: 1.0
val loss: 0.12695038
----------------
2019-11-06 23:04:15.944710: I tensorflow/core/profiler/lib/profiler_session.cc:174] Profiler session started.
2019-11-06 23:04:15.962001: I tensorflow/core/platform/default/device_tracer.cc:641] Collecting 406 kernel records, 16 memcpy records.
* epoch: 9.0
train acc: 1.0
train acc loose: 1.0
train loss: 0.12694785
val acc: 0.96875
val acc loose: 0.99980944
val loss: 0.12702344
----------------
Total train = 95008.0
Full train = 0.9962950488379926
Full train loose = 0.9999772136401712
Total val = 95008.0
Full val = 0.9966002862916807
Full val loose = 0.9999791769396781
Total test = 95008.0
Full test = 0.9959898113843044
Full test loose = 0.9999753863733599
:)

DONE.
