node047
tensor([[0.6762, 0.1260, 0.1773],
        [0.2331, 0.3474, 0.9145]], device='cuda:0')

        

        id: 0,
        name: DATA_C0_D0,
        dataset_path: ,
        num_images_training: 10.0,
        num_images_testing: 10000.0,
        complexity: 0,
        

        

        id: 1,
        name: DATA_C0_D0,
        dataset_path: ,
        num_images_training: 10.0,
        num_images_testing: 10000.0,
        complexity: 0,
        

        

        id: 2,
        name: DATA_C1_D0,
        dataset_path: ,
        num_images_training: 10.0,
        num_images_testing: 10000.0,
        complexity: 1,
        

        

        id: 3,
        name: DATA_C1_D0,
        dataset_path: ,
        num_images_training: 10.0,
        num_images_testing: 10000.0,
        complexity: 1,
        

        

        id: 4,
        name: DATA_C2_D0,
        dataset_path: ,
        num_images_training: 10.0,
        num_images_testing: 10000.0,
        complexity: 2,
        

        

        id: 5,
        name: DATA_C2_D0,
        dataset_path: ,
        num_images_training: 10.0,
        num_images_testing: 10000.0,
        complexity: 2,
        

        

        id: 6,
        name: DATA_C3_D0,
        dataset_path: ,
        num_images_training: 10.0,
        num_images_testing: 10000.0,
        complexity: 3,
        

        

        id: 7,
        name: DATA_C3_D0,
        dataset_path: ,
        num_images_training: 10.0,
        num_images_testing: 10000.0,
        complexity: 3,
        

        

        id: 8,
        name: DATA_C4_D0,
        dataset_path: ,
        num_images_training: 10.0,
        num_images_testing: 10000.0,
        complexity: 4,
        

        

        id: 9,
        name: DATA_C4_D0,
        dataset_path: ,
        num_images_training: 10.0,
        num_images_testing: 10000.0,
        complexity: 4,
        

        

        id: 10,
        name: DATA_C0_D1,
        dataset_path: ,
        num_images_training: 100.0,
        num_images_testing: 10000.0,
        complexity: 0,
        

        

        id: 11,
        name: DATA_C0_D1,
        dataset_path: ,
        num_images_training: 100.0,
        num_images_testing: 10000.0,
        complexity: 0,
        

        

        id: 12,
        name: DATA_C1_D1,
        dataset_path: ,
        num_images_training: 100.0,
        num_images_testing: 10000.0,
        complexity: 1,
        

        

        id: 13,
        name: DATA_C1_D1,
        dataset_path: ,
        num_images_training: 100.0,
        num_images_testing: 10000.0,
        complexity: 1,
        

        

        id: 14,
        name: DATA_C2_D1,
        dataset_path: ,
        num_images_training: 100.0,
        num_images_testing: 10000.0,
        complexity: 2,
        

        

        id: 15,
        name: DATA_C2_D1,
        dataset_path: ,
        num_images_training: 100.0,
        num_images_testing: 10000.0,
        complexity: 2,
        

        

        id: 16,
        name: DATA_C3_D1,
        dataset_path: ,
        num_images_training: 100.0,
        num_images_testing: 10000.0,
        complexity: 3,
        

        

        id: 17,
        name: DATA_C3_D1,
        dataset_path: ,
        num_images_training: 100.0,
        num_images_testing: 10000.0,
        complexity: 3,
        

        

        id: 18,
        name: DATA_C4_D1,
        dataset_path: ,
        num_images_training: 100.0,
        num_images_testing: 10000.0,
        complexity: 4,
        

        

        id: 19,
        name: DATA_C4_D1,
        dataset_path: ,
        num_images_training: 100.0,
        num_images_testing: 10000.0,
        complexity: 4,
        

        

        id: 20,
        name: DATA_C0_D2,
        dataset_path: ,
        num_images_training: 1000.0,
        num_images_testing: 10000.0,
        complexity: 0,
        

        

        id: 21,
        name: DATA_C0_D2,
        dataset_path: ,
        num_images_training: 1000.0,
        num_images_testing: 10000.0,
        complexity: 0,
        

        

        id: 22,
        name: DATA_C1_D2,
        dataset_path: ,
        num_images_training: 1000.0,
        num_images_testing: 10000.0,
        complexity: 1,
        

        

        id: 23,
        name: DATA_C1_D2,
        dataset_path: ,
        num_images_training: 1000.0,
        num_images_testing: 10000.0,
        complexity: 1,
        

        

        id: 24,
        name: DATA_C2_D2,
        dataset_path: ,
        num_images_training: 1000.0,
        num_images_testing: 10000.0,
        complexity: 2,
        

        

        id: 25,
        name: DATA_C2_D2,
        dataset_path: ,
        num_images_training: 1000.0,
        num_images_testing: 10000.0,
        complexity: 2,
        

        

        id: 26,
        name: DATA_C3_D2,
        dataset_path: ,
        num_images_training: 1000.0,
        num_images_testing: 10000.0,
        complexity: 3,
        

        

        id: 27,
        name: DATA_C3_D2,
        dataset_path: ,
        num_images_training: 1000.0,
        num_images_testing: 10000.0,
        complexity: 3,
        

        

        id: 28,
        name: DATA_C4_D2,
        dataset_path: ,
        num_images_training: 1000.0,
        num_images_testing: 10000.0,
        complexity: 4,
        

        

        id: 29,
        name: DATA_C4_D2,
        dataset_path: ,
        num_images_training: 1000.0,
        num_images_testing: 10000.0,
        complexity: 4,
        

        

        id: 30,
        name: DATA_C0_D3,
        dataset_path: ,
        num_images_training: 10000.0,
        num_images_testing: 10000.0,
        complexity: 0,
        

        

        id: 31,
        name: DATA_C0_D3,
        dataset_path: ,
        num_images_training: 10000.0,
        num_images_testing: 10000.0,
        complexity: 0,
        

        

        id: 32,
        name: DATA_C1_D3,
        dataset_path: ,
        num_images_training: 10000.0,
        num_images_testing: 10000.0,
        complexity: 1,
        

        

        id: 33,
        name: DATA_C1_D3,
        dataset_path: ,
        num_images_training: 10000.0,
        num_images_testing: 10000.0,
        complexity: 1,
        

        

        id: 34,
        name: DATA_C2_D3,
        dataset_path: ,
        num_images_training: 10000.0,
        num_images_testing: 10000.0,
        complexity: 2,
        

        

        id: 35,
        name: DATA_C2_D3,
        dataset_path: ,
        num_images_training: 10000.0,
        num_images_testing: 10000.0,
        complexity: 2,
        

        

        id: 36,
        name: DATA_C3_D3,
        dataset_path: ,
        num_images_training: 10000.0,
        num_images_testing: 10000.0,
        complexity: 3,
        

        

        id: 37,
        name: DATA_C3_D3,
        dataset_path: ,
        num_images_training: 10000.0,
        num_images_testing: 10000.0,
        complexity: 3,
        

        

        id: 38,
        name: DATA_C4_D3,
        dataset_path: ,
        num_images_training: 10000.0,
        num_images_testing: 10000.0,
        complexity: 4,
        

        

        id: 39,
        name: DATA_C4_D3,
        dataset_path: ,
        num_images_training: 10000.0,
        num_images_testing: 10000.0,
        complexity: 4,
        

        

        id: 40,
        name: DATA_C0_D4,
        dataset_path: ,
        num_images_training: 100000.0,
        num_images_testing: 10000.0,
        complexity: 0,
        

        

        id: 41,
        name: DATA_C0_D4,
        dataset_path: ,
        num_images_training: 100000.0,
        num_images_testing: 10000.0,
        complexity: 0,
        

        

        id: 42,
        name: DATA_C1_D4,
        dataset_path: ,
        num_images_training: 100000.0,
        num_images_testing: 10000.0,
        complexity: 1,
        

        

        id: 43,
        name: DATA_C1_D4,
        dataset_path: ,
        num_images_training: 100000.0,
        num_images_testing: 10000.0,
        complexity: 1,
        

        

        id: 44,
        name: DATA_C2_D4,
        dataset_path: ,
        num_images_training: 100000.0,
        num_images_testing: 10000.0,
        complexity: 2,
        

        

        id: 45,
        name: DATA_C2_D4,
        dataset_path: ,
        num_images_training: 100000.0,
        num_images_testing: 10000.0,
        complexity: 2,
        

        

        id: 46,
        name: DATA_C3_D4,
        dataset_path: ,
        num_images_training: 100000.0,
        num_images_testing: 10000.0,
        complexity: 3,
        

        

        id: 47,
        name: DATA_C3_D4,
        dataset_path: ,
        num_images_training: 100000.0,
        num_images_testing: 10000.0,
        complexity: 3,
        

        

        id: 48,
        name: DATA_C4_D4,
        dataset_path: ,
        num_images_training: 100000.0,
        num_images_testing: 10000.0,
        complexity: 4,
        

        

        id: 49,
        name: DATA_C4_D4,
        dataset_path: ,
        num_images_training: 100000.0,
        num_images_testing: 10000.0,
        complexity: 4,
        

        

        id: 50,
        name: DATA_C5_D0,
        dataset_path: ,
        num_images_training: 100000.0,
        num_images_testing: 10000.0,
        complexity: 5,
        

        

        id: 51,
        name: DATA_C5_D0,
        dataset_path: ,
        num_images_training: 100000.0,
        num_images_testing: 10000.0,
        complexity: 5,
        

        

        id: 52,
        name: DATA_C6_D0,
        dataset_path: ,
        num_images_training: 200000.0,
        num_images_testing: 20000.0,
        complexity: 6,
        

        

        id: 53,
        name: DATA_C7_D0,
        dataset_path: ,
        num_images_training: 100000.0,
        num_images_testing: 10000.0,
        complexity: 7,
        

        

        id: 54,
        name: DATA_C0_D0,
        dataset_path: ,
        num_images_training: 100000.0,
        num_images_testing: 10000.0,
        complexity: 0,
        

        

        id: 55,
        name: DATA_C1_D0,
        dataset_path: ,
        num_images_training: 100000.0,
        num_images_testing: 10000.0,
        complexity: 1,
        

        

        id: 56,
        name: DATA_C1_D0,
        dataset_path: ,
        num_images_training: 100000.0,
        num_images_testing: 10000.0,
        complexity: 1,
        

        

        id: 57,
        name: DATA_C3_D0,
        dataset_path: ,
        num_images_training: 100000.0,
        num_images_testing: 10000.0,
        complexity: 3,
        

        

        id: 58,
        name: DATA_C4_D0,
        dataset_path: ,
        num_images_training: 100000.0,
        num_images_testing: 10000.0,
        complexity: 4,
        

        

        id: 59,
        name: DATA_C5_D0,
        dataset_path: ,
        num_images_training: 100000.0,
        num_images_testing: 10000.0,
        complexity: 5,
        

        

        id: 60,
        name: DATA_C5_D0,
        dataset_path: ,
        num_images_training: 100000.0,
        num_images_testing: 10000.0,
        complexity: 5,
        

        

        id: 61,
        name: DATA_C5_D0,
        dataset_path: ,
        num_images_training: 100000.0,
        num_images_testing: 10000.0,
        complexity: 5,
        

        

        id: 62,
        name: DATA_C5_D0,
        dataset_path: ,
        num_images_training: 100000.0,
        num_images_testing: 10000.0,
        complexity: 5,
        

        

        id: 63,
        name: DATA_C5_D0,
        dataset_path: ,
        num_images_training: 100000.0,
        num_images_testing: 10000.0,
        complexity: 5,
        

TRAINING
ID267_MultiLSTMInit_D56
1
10
0.01
0.1
32
REUSING TFRECORDS
WARNING: Logging before flag parsing goes to stderr.
W1107 02:15:18.698852 47568481476416 deprecation_wrapper.py:119] From /om/user/shobhita/src/insideness/data/data.py:123: The name tf.FixedLenFeature is deprecated. Please use tf.io.FixedLenFeature instead.

W1107 02:15:18.699321 47568481476416 deprecation_wrapper.py:119] From /om/user/shobhita/src/insideness/data/data.py:129: The name tf.parse_single_example is deprecated. Please use tf.io.parse_single_example instead.

W1107 02:15:18.880190 47568481476416 deprecation_wrapper.py:119] From /om/user/shobhita/src/insideness/runs/train.py:61: The name tf.placeholder is deprecated. Please use tf.compat.v1.placeholder instead.

W1107 02:15:18.880935 47568481476416 deprecation_wrapper.py:119] From /om/user/shobhita/src/insideness/runs/train.py:62: The name tf.data.Iterator is deprecated. Please use tf.compat.v1.data.Iterator instead.

W1107 02:15:18.881056 47568481476416 deprecation.py:323] From /om/user/shobhita/src/insideness/runs/train.py:63: DatasetV1.output_types (from tensorflow.python.data.ops.dataset_ops) is deprecated and will be removed in a future version.
Instructions for updating:
Use `tf.compat.v1.data.get_output_types(dataset)`.
W1107 02:15:18.881177 47568481476416 deprecation.py:323] From /om/user/shobhita/src/insideness/runs/train.py:63: DatasetV1.output_shapes (from tensorflow.python.data.ops.dataset_ops) is deprecated and will be removed in a future version.
Instructions for updating:
Use `tf.compat.v1.data.get_output_shapes(dataset)`.
W1107 02:15:18.884213 47568481476416 deprecation.py:323] From /om/user/shobhita/src/insideness/runs/train.py:65: DatasetV1.make_one_shot_iterator (from tensorflow.python.data.ops.dataset_ops) is deprecated and will be removed in a future version.
Instructions for updating:
Use `for ... in dataset:` to iterate over a dataset. If using `tf.estimator`, return the `Dataset` object directly from your input function. As a last resort, you can use `tf.compat.v1.data.make_one_shot_iterator(dataset)`.
W1107 02:15:18.908659 47568481476416 deprecation.py:323] From /om/user/shobhita/src/insideness/runs/train.py:68: DatasetV1.make_initializable_iterator (from tensorflow.python.data.ops.dataset_ops) is deprecated and will be removed in a future version.
Instructions for updating:
Use `for ... in dataset:` to iterate over a dataset. If using `tf.estimator`, return the `Dataset` object directly from your input function. As a last resort, you can use `tf.compat.v1.data.make_initializable_iterator(dataset)`.
W1107 02:15:18.935788 47568481476416 deprecation_wrapper.py:119] From /om/user/shobhita/src/insideness/nets/multiLSTM_init.py:49: The name tf.nn.rnn_cell.LSTMStateTuple is deprecated. Please use tf.compat.v1.nn.rnn_cell.LSTMStateTuple instead.

W1107 02:15:18.937480 47568481476416 deprecation_wrapper.py:119] From /om/user/shobhita/src/insideness/nets/multiLSTM_init.py:72: The name tf.variable_scope is deprecated. Please use tf.compat.v1.variable_scope instead.

W1107 02:15:19.205789 47568481476416 deprecation.py:506] From /usr/local/lib/python3.6/dist-packages/tensorflow/python/ops/init_ops.py:1251: calling VarianceScaling.__init__ (from tensorflow.python.ops.init_ops) with dtype is deprecated and will be removed in a future version.
Instructions for updating:
Call initializer instance with the dtype argument instead of passing it to the constructor
W1107 02:15:19.225955 47568481476416 deprecation.py:506] From /usr/local/lib/python3.6/dist-packages/tensorflow/contrib/rnn/python/ops/rnn_cell.py:2242: calling Constant.__init__ (from tensorflow.python.ops.init_ops) with dtype is deprecated and will be removed in a future version.
Instructions for updating:
Call initializer instance with the dtype argument instead of passing it to the constructor
W1107 02:15:19.337974 47568481476416 deprecation_wrapper.py:119] From /om/user/shobhita/src/insideness/runs/train.py:93: The name tf.summary.scalar is deprecated. Please use tf.compat.v1.summary.scalar instead.

TRAIN AT END
W1107 02:15:19.423601 47568481476416 deprecation_wrapper.py:119] From /om/user/shobhita/src/insideness/runs/train.py:145: The name tf.train.exponential_decay is deprecated. Please use tf.compat.v1.train.exponential_decay instead.

W1107 02:15:19.463312 47568481476416 deprecation_wrapper.py:119] From /om/user/shobhita/src/insideness/runs/train.py:170: The name tf.summary.image is deprecated. Please use tf.compat.v1.summary.image instead.

W1107 02:15:19.490481 47568481476416 deprecation_wrapper.py:119] From /om/user/shobhita/src/insideness/runs/train.py:187: The name tf.Session is deprecated. Please use tf.compat.v1.Session instead.

2019-11-07 02:15:19.492853: I tensorflow/stream_executor/platform/default/dso_loader.cc:42] Successfully opened dynamic library libcuda.so.1
2019-11-07 02:15:19.509748: I tensorflow/core/common_runtime/gpu/gpu_device.cc:1640] Found device 0 with properties: 
name: GeForce GTX TITAN X major: 5 minor: 2 memoryClockRate(GHz): 1.076
pciBusID: 0000:06:00.0
2019-11-07 02:15:19.512931: I tensorflow/stream_executor/platform/default/dso_loader.cc:42] Successfully opened dynamic library libcudart.so.10.0
2019-11-07 02:15:19.546188: I tensorflow/stream_executor/platform/default/dso_loader.cc:42] Successfully opened dynamic library libcublas.so.10.0
2019-11-07 02:15:19.564088: I tensorflow/stream_executor/platform/default/dso_loader.cc:42] Successfully opened dynamic library libcufft.so.10.0
2019-11-07 02:15:19.574076: I tensorflow/stream_executor/platform/default/dso_loader.cc:42] Successfully opened dynamic library libcurand.so.10.0
2019-11-07 02:15:19.611809: I tensorflow/stream_executor/platform/default/dso_loader.cc:42] Successfully opened dynamic library libcusolver.so.10.0
2019-11-07 02:15:19.636765: I tensorflow/stream_executor/platform/default/dso_loader.cc:42] Successfully opened dynamic library libcusparse.so.10.0
2019-11-07 02:15:19.701929: I tensorflow/stream_executor/platform/default/dso_loader.cc:42] Successfully opened dynamic library libcudnn.so.7
2019-11-07 02:15:19.703329: I tensorflow/core/common_runtime/gpu/gpu_device.cc:1763] Adding visible gpu devices: 0
2019-11-07 02:15:19.703694: I tensorflow/core/platform/cpu_feature_guard.cc:142] Your CPU supports instructions that this TensorFlow binary was not compiled to use: AVX2 FMA
2019-11-07 02:15:19.873953: I tensorflow/compiler/xla/service/service.cc:168] XLA service 0x46da2b0 executing computations on platform CUDA. Devices:
2019-11-07 02:15:19.874018: I tensorflow/compiler/xla/service/service.cc:175]   StreamExecutor device (0): GeForce GTX TITAN X, Compute Capability 5.2
2019-11-07 02:15:19.897169: I tensorflow/core/platform/profile_utils/cpu_utils.cc:94] CPU Frequency: 2599855000 Hz
2019-11-07 02:15:19.897365: I tensorflow/compiler/xla/service/service.cc:168] XLA service 0x527a6e0 executing computations on platform Host. Devices:
2019-11-07 02:15:19.897413: I tensorflow/compiler/xla/service/service.cc:175]   StreamExecutor device (0): <undefined>, <undefined>
2019-11-07 02:15:19.899439: I tensorflow/core/common_runtime/gpu/gpu_device.cc:1640] Found device 0 with properties: 
name: GeForce GTX TITAN X major: 5 minor: 2 memoryClockRate(GHz): 1.076
pciBusID: 0000:06:00.0
2019-11-07 02:15:19.899565: I tensorflow/stream_executor/platform/default/dso_loader.cc:42] Successfully opened dynamic library libcudart.so.10.0
2019-11-07 02:15:19.899595: I tensorflow/stream_executor/platform/default/dso_loader.cc:42] Successfully opened dynamic library libcublas.so.10.0
2019-11-07 02:15:19.899620: I tensorflow/stream_executor/platform/default/dso_loader.cc:42] Successfully opened dynamic library libcufft.so.10.0
2019-11-07 02:15:19.899644: I tensorflow/stream_executor/platform/default/dso_loader.cc:42] Successfully opened dynamic library libcurand.so.10.0
2019-11-07 02:15:19.899668: I tensorflow/stream_executor/platform/default/dso_loader.cc:42] Successfully opened dynamic library libcusolver.so.10.0
2019-11-07 02:15:19.899693: I tensorflow/stream_executor/platform/default/dso_loader.cc:42] Successfully opened dynamic library libcusparse.so.10.0
2019-11-07 02:15:19.899719: I tensorflow/stream_executor/platform/default/dso_loader.cc:42] Successfully opened dynamic library libcudnn.so.7
2019-11-07 02:15:19.901062: I tensorflow/core/common_runtime/gpu/gpu_device.cc:1763] Adding visible gpu devices: 0
2019-11-07 02:15:19.903093: I tensorflow/stream_executor/platform/default/dso_loader.cc:42] Successfully opened dynamic library libcudart.so.10.0
2019-11-07 02:15:19.904412: I tensorflow/core/common_runtime/gpu/gpu_device.cc:1181] Device interconnect StreamExecutor with strength 1 edge matrix:
2019-11-07 02:15:19.904520: I tensorflow/core/common_runtime/gpu/gpu_device.cc:1187]      0 
2019-11-07 02:15:19.904544: I tensorflow/core/common_runtime/gpu/gpu_device.cc:1200] 0:   N 
2019-11-07 02:15:19.908506: I tensorflow/core/common_runtime/gpu/gpu_device.cc:1326] Created TensorFlow device (/job:localhost/replica:0/task:0/device:GPU:0 with 11492 MB memory) -> physical GPU (device: 0, name: GeForce GTX TITAN X, pci bus id: 0000:06:00.0, compute capability: 5.2)
W1107 02:15:19.909671 47568481476416 deprecation_wrapper.py:119] From /om/user/shobhita/src/insideness/runs/train.py:196: The name tf.train.MomentumOptimizer is deprecated. Please use tf.compat.v1.train.MomentumOptimizer instead.

W1107 02:15:20.588098 47568481476416 deprecation_wrapper.py:119] From /om/user/shobhita/src/insideness/runs/train.py:211: The name tf.train.Saver is deprecated. Please use tf.compat.v1.train.Saver instead.

2019-11-07 02:15:20.703757: W tensorflow/compiler/jit/mark_for_compilation_pass.cc:1412] (One-time warning): Not using XLA:CPU for cluster because envvar TF_XLA_FLAGS=--tf_xla_cpu_global_jit was not set.  If you want XLA:CPU, either set that envvar, or use experimental_jit_scope to enable XLA:CPU.  To confirm that XLA is active, pass --vmodule=xla_compilation_cache=1 (as a proper command-line flag, not via TF_XLA_FLAGS) or set the envvar XLA_FLAGS=--xla_hlo_profile.
W1107 02:15:23.087066 47568481476416 deprecation_wrapper.py:119] From /om/user/shobhita/src/insideness/runs/train.py:242: The name tf.summary.merge_all is deprecated. Please use tf.compat.v1.summary.merge_all instead.

W1107 02:15:23.089131 47568481476416 deprecation_wrapper.py:119] From /om/user/shobhita/src/insideness/runs/train.py:243: The name tf.summary.FileWriter is deprecated. Please use tf.compat.v1.summary.FileWriter instead.

2019-11-07 02:15:23.524922: I tensorflow/core/profiler/lib/profiler_session.cc:174] Profiler session started.
2019-11-07 02:15:23.543571: I tensorflow/stream_executor/platform/default/dso_loader.cc:42] Successfully opened dynamic library libcupti.so.10.0
2019-11-07 02:15:23.676097: I tensorflow/stream_executor/platform/default/dso_loader.cc:42] Successfully opened dynamic library libcudnn.so.7
2019-11-07 02:15:25.762709: I tensorflow/core/platform/default/device_tracer.cc:641] Collecting 189 kernel records, 17 memcpy records.
INIT
STARTING EPOCH =  0
* epoch: 0.0
train acc: 0.0
train acc loose: 0.44370657
train loss: 0.6953487
val acc: 0.0
val acc loose: 0.44597867
val loss: 0.6955225
----------------
2019-11-07 02:15:53.958380: I tensorflow/core/profiler/lib/profiler_session.cc:174] Profiler session started.
2019-11-07 02:15:53.968158: I tensorflow/core/platform/default/device_tracer.cc:641] Collecting 154 kernel records, 16 memcpy records.
* epoch: 1.0
train acc: 0.40625
train acc loose: 0.9746025
train loss: 0.14212567
val acc: 0.3125
val acc loose: 0.9750268
val loss: 0.14206573
----------------
2019-11-07 02:16:23.337390: I tensorflow/core/profiler/lib/profiler_session.cc:174] Profiler session started.
2019-11-07 02:16:23.346526: I tensorflow/core/platform/default/device_tracer.cc:641] Collecting 154 kernel records, 16 memcpy records.
W1107 02:16:23.434624 47568481476416 deprecation.py:323] From /usr/local/lib/python3.6/dist-packages/tensorflow/python/training/saver.py:960: remove_checkpoint (from tensorflow.python.training.checkpoint_management) is deprecated and will be removed in a future version.
Instructions for updating:
Use standard file APIs to delete files with this prefix.
* epoch: 2.0
train acc: 0.4375
train acc loose: 0.98203
train loss: 0.13714439
val acc: 0.46875
val acc loose: 0.98264617
val loss: 0.13680103
----------------
2019-11-07 02:16:51.689731: I tensorflow/core/profiler/lib/profiler_session.cc:174] Profiler session started.
2019-11-07 02:16:51.699359: I tensorflow/core/platform/default/device_tracer.cc:641] Collecting 154 kernel records, 16 memcpy records.
* epoch: 3.0
train acc: 0.4375
train acc loose: 0.98524785
train loss: 0.13537921
val acc: 0.4375
val acc loose: 0.9853536
val loss: 0.13531375
----------------
2019-11-07 02:17:19.524893: I tensorflow/core/profiler/lib/profiler_session.cc:174] Profiler session started.
2019-11-07 02:17:19.534691: I tensorflow/core/platform/default/device_tracer.cc:641] Collecting 154 kernel records, 16 memcpy records.
* epoch: 4.0
train acc: 0.40625
train acc loose: 0.9763682
train loss: 0.13869166
val acc: 0.3125
val acc loose: 0.97239363
val loss: 0.14026783
----------------
2019-11-07 02:17:47.737073: I tensorflow/core/profiler/lib/profiler_session.cc:174] Profiler session started.
2019-11-07 02:17:47.748499: I tensorflow/core/platform/default/device_tracer.cc:641] Collecting 154 kernel records, 16 memcpy records.
* epoch: 5.0
train acc: 0.5625
train acc loose: 0.98044884
train loss: 0.13680026
val acc: 0.625
val acc loose: 0.9893852
val loss: 0.13326743
----------------
2019-11-07 02:18:15.834078: I tensorflow/core/profiler/lib/profiler_session.cc:174] Profiler session started.
2019-11-07 02:18:15.843897: I tensorflow/core/platform/default/device_tracer.cc:641] Collecting 154 kernel records, 16 memcpy records.
* epoch: 6.0
train acc: 0.1875
train acc loose: 0.9651257
train loss: 0.14279512
val acc: 0.46875
val acc loose: 0.977489
val loss: 0.13790295
----------------
2019-11-07 02:18:43.907491: I tensorflow/core/profiler/lib/profiler_session.cc:174] Profiler session started.
2019-11-07 02:18:43.917084: I tensorflow/core/platform/default/device_tracer.cc:641] Collecting 154 kernel records, 16 memcpy records.
* epoch: 7.0
train acc: 0.46875
train acc loose: 0.9843805
train loss: 0.13510014
val acc: 0.375
val acc loose: 0.97674465
val loss: 0.13813479
----------------
2019-11-07 02:19:18.193017: I tensorflow/core/profiler/lib/profiler_session.cc:174] Profiler session started.
2019-11-07 02:19:18.202257: I tensorflow/core/platform/default/device_tracer.cc:641] Collecting 154 kernel records, 16 memcpy records.
* epoch: 8.0
train acc: 0.46875
train acc loose: 0.98585355
train loss: 0.13445275
val acc: 0.3125
val acc loose: 0.973372
val loss: 0.13937564
----------------
2019-11-07 02:19:46.264068: I tensorflow/core/profiler/lib/profiler_session.cc:174] Profiler session started.
2019-11-07 02:19:46.274554: I tensorflow/core/platform/default/device_tracer.cc:641] Collecting 154 kernel records, 16 memcpy records.
* epoch: 9.0
train acc: 0.28125
train acc loose: 0.9736125
train loss: 0.13923702
val acc: 0.53125
val acc loose: 0.9861295
val loss: 0.13426957
----------------
Total train = 95008.0
Full train = 0.4174069552037723
Full train loose = 0.979955842596146
Total val = 95008.0
Full val = 0.41917522734927587
Full val loose = 0.9804104587653544
Total test = 95008.0
Full test = 0.42396429774334793
Full test loose = 0.9802115553555243
:)

DONE.
