node036
tensor([[0.4709, 0.7335, 0.6845],
        [0.0532, 0.6371, 0.1499]], device='cuda:0')

        

        id: 0,
        name: DATA_C0_D0,
        dataset_path: ,
        num_images_training: 10.0,
        num_images_testing: 10000.0,
        complexity: 0,
        

        

        id: 1,
        name: DATA_C0_D0,
        dataset_path: ,
        num_images_training: 10.0,
        num_images_testing: 10000.0,
        complexity: 0,
        

        

        id: 2,
        name: DATA_C1_D0,
        dataset_path: ,
        num_images_training: 10.0,
        num_images_testing: 10000.0,
        complexity: 1,
        

        

        id: 3,
        name: DATA_C1_D0,
        dataset_path: ,
        num_images_training: 10.0,
        num_images_testing: 10000.0,
        complexity: 1,
        

        

        id: 4,
        name: DATA_C2_D0,
        dataset_path: ,
        num_images_training: 10.0,
        num_images_testing: 10000.0,
        complexity: 2,
        

        

        id: 5,
        name: DATA_C2_D0,
        dataset_path: ,
        num_images_training: 10.0,
        num_images_testing: 10000.0,
        complexity: 2,
        

        

        id: 6,
        name: DATA_C3_D0,
        dataset_path: ,
        num_images_training: 10.0,
        num_images_testing: 10000.0,
        complexity: 3,
        

        

        id: 7,
        name: DATA_C3_D0,
        dataset_path: ,
        num_images_training: 10.0,
        num_images_testing: 10000.0,
        complexity: 3,
        

        

        id: 8,
        name: DATA_C4_D0,
        dataset_path: ,
        num_images_training: 10.0,
        num_images_testing: 10000.0,
        complexity: 4,
        

        

        id: 9,
        name: DATA_C4_D0,
        dataset_path: ,
        num_images_training: 10.0,
        num_images_testing: 10000.0,
        complexity: 4,
        

        

        id: 10,
        name: DATA_C0_D1,
        dataset_path: ,
        num_images_training: 100.0,
        num_images_testing: 10000.0,
        complexity: 0,
        

        

        id: 11,
        name: DATA_C0_D1,
        dataset_path: ,
        num_images_training: 100.0,
        num_images_testing: 10000.0,
        complexity: 0,
        

        

        id: 12,
        name: DATA_C1_D1,
        dataset_path: ,
        num_images_training: 100.0,
        num_images_testing: 10000.0,
        complexity: 1,
        

        

        id: 13,
        name: DATA_C1_D1,
        dataset_path: ,
        num_images_training: 100.0,
        num_images_testing: 10000.0,
        complexity: 1,
        

        

        id: 14,
        name: DATA_C2_D1,
        dataset_path: ,
        num_images_training: 100.0,
        num_images_testing: 10000.0,
        complexity: 2,
        

        

        id: 15,
        name: DATA_C2_D1,
        dataset_path: ,
        num_images_training: 100.0,
        num_images_testing: 10000.0,
        complexity: 2,
        

        

        id: 16,
        name: DATA_C3_D1,
        dataset_path: ,
        num_images_training: 100.0,
        num_images_testing: 10000.0,
        complexity: 3,
        

        

        id: 17,
        name: DATA_C3_D1,
        dataset_path: ,
        num_images_training: 100.0,
        num_images_testing: 10000.0,
        complexity: 3,
        

        

        id: 18,
        name: DATA_C4_D1,
        dataset_path: ,
        num_images_training: 100.0,
        num_images_testing: 10000.0,
        complexity: 4,
        

        

        id: 19,
        name: DATA_C4_D1,
        dataset_path: ,
        num_images_training: 100.0,
        num_images_testing: 10000.0,
        complexity: 4,
        

        

        id: 20,
        name: DATA_C0_D2,
        dataset_path: ,
        num_images_training: 1000.0,
        num_images_testing: 10000.0,
        complexity: 0,
        

        

        id: 21,
        name: DATA_C0_D2,
        dataset_path: ,
        num_images_training: 1000.0,
        num_images_testing: 10000.0,
        complexity: 0,
        

        

        id: 22,
        name: DATA_C1_D2,
        dataset_path: ,
        num_images_training: 1000.0,
        num_images_testing: 10000.0,
        complexity: 1,
        

        

        id: 23,
        name: DATA_C1_D2,
        dataset_path: ,
        num_images_training: 1000.0,
        num_images_testing: 10000.0,
        complexity: 1,
        

        

        id: 24,
        name: DATA_C2_D2,
        dataset_path: ,
        num_images_training: 1000.0,
        num_images_testing: 10000.0,
        complexity: 2,
        

        

        id: 25,
        name: DATA_C2_D2,
        dataset_path: ,
        num_images_training: 1000.0,
        num_images_testing: 10000.0,
        complexity: 2,
        

        

        id: 26,
        name: DATA_C3_D2,
        dataset_path: ,
        num_images_training: 1000.0,
        num_images_testing: 10000.0,
        complexity: 3,
        

        

        id: 27,
        name: DATA_C3_D2,
        dataset_path: ,
        num_images_training: 1000.0,
        num_images_testing: 10000.0,
        complexity: 3,
        

        

        id: 28,
        name: DATA_C4_D2,
        dataset_path: ,
        num_images_training: 1000.0,
        num_images_testing: 10000.0,
        complexity: 4,
        

        

        id: 29,
        name: DATA_C4_D2,
        dataset_path: ,
        num_images_training: 1000.0,
        num_images_testing: 10000.0,
        complexity: 4,
        

        

        id: 30,
        name: DATA_C0_D3,
        dataset_path: ,
        num_images_training: 10000.0,
        num_images_testing: 10000.0,
        complexity: 0,
        

        

        id: 31,
        name: DATA_C0_D3,
        dataset_path: ,
        num_images_training: 10000.0,
        num_images_testing: 10000.0,
        complexity: 0,
        

        

        id: 32,
        name: DATA_C1_D3,
        dataset_path: ,
        num_images_training: 10000.0,
        num_images_testing: 10000.0,
        complexity: 1,
        

        

        id: 33,
        name: DATA_C1_D3,
        dataset_path: ,
        num_images_training: 10000.0,
        num_images_testing: 10000.0,
        complexity: 1,
        

        

        id: 34,
        name: DATA_C2_D3,
        dataset_path: ,
        num_images_training: 10000.0,
        num_images_testing: 10000.0,
        complexity: 2,
        

        

        id: 35,
        name: DATA_C2_D3,
        dataset_path: ,
        num_images_training: 10000.0,
        num_images_testing: 10000.0,
        complexity: 2,
        

        

        id: 36,
        name: DATA_C3_D3,
        dataset_path: ,
        num_images_training: 10000.0,
        num_images_testing: 10000.0,
        complexity: 3,
        

        

        id: 37,
        name: DATA_C3_D3,
        dataset_path: ,
        num_images_training: 10000.0,
        num_images_testing: 10000.0,
        complexity: 3,
        

        

        id: 38,
        name: DATA_C4_D3,
        dataset_path: ,
        num_images_training: 10000.0,
        num_images_testing: 10000.0,
        complexity: 4,
        

        

        id: 39,
        name: DATA_C4_D3,
        dataset_path: ,
        num_images_training: 10000.0,
        num_images_testing: 10000.0,
        complexity: 4,
        

        

        id: 40,
        name: DATA_C0_D4,
        dataset_path: ,
        num_images_training: 100000.0,
        num_images_testing: 10000.0,
        complexity: 0,
        

        

        id: 41,
        name: DATA_C0_D4,
        dataset_path: ,
        num_images_training: 100000.0,
        num_images_testing: 10000.0,
        complexity: 0,
        

        

        id: 42,
        name: DATA_C1_D4,
        dataset_path: ,
        num_images_training: 100000.0,
        num_images_testing: 10000.0,
        complexity: 1,
        

        

        id: 43,
        name: DATA_C1_D4,
        dataset_path: ,
        num_images_training: 100000.0,
        num_images_testing: 10000.0,
        complexity: 1,
        

        

        id: 44,
        name: DATA_C2_D4,
        dataset_path: ,
        num_images_training: 100000.0,
        num_images_testing: 10000.0,
        complexity: 2,
        

        

        id: 45,
        name: DATA_C2_D4,
        dataset_path: ,
        num_images_training: 100000.0,
        num_images_testing: 10000.0,
        complexity: 2,
        

        

        id: 46,
        name: DATA_C3_D4,
        dataset_path: ,
        num_images_training: 100000.0,
        num_images_testing: 10000.0,
        complexity: 3,
        

        

        id: 47,
        name: DATA_C3_D4,
        dataset_path: ,
        num_images_training: 100000.0,
        num_images_testing: 10000.0,
        complexity: 3,
        

        

        id: 48,
        name: DATA_C4_D4,
        dataset_path: ,
        num_images_training: 100000.0,
        num_images_testing: 10000.0,
        complexity: 4,
        

        

        id: 49,
        name: DATA_C4_D4,
        dataset_path: ,
        num_images_training: 100000.0,
        num_images_testing: 10000.0,
        complexity: 4,
        

        

        id: 50,
        name: DATA_C5_D0,
        dataset_path: ,
        num_images_training: 100000.0,
        num_images_testing: 10000.0,
        complexity: 5,
        

        

        id: 51,
        name: DATA_C5_D0,
        dataset_path: ,
        num_images_training: 100000.0,
        num_images_testing: 10000.0,
        complexity: 5,
        

        

        id: 52,
        name: DATA_C6_D0,
        dataset_path: ,
        num_images_training: 200000.0,
        num_images_testing: 20000.0,
        complexity: 6,
        

        

        id: 53,
        name: DATA_C7_D0,
        dataset_path: ,
        num_images_training: 100000.0,
        num_images_testing: 10000.0,
        complexity: 7,
        

        

        id: 54,
        name: DATA_C0_D0,
        dataset_path: ,
        num_images_training: 100000.0,
        num_images_testing: 10000.0,
        complexity: 0,
        

        

        id: 55,
        name: DATA_C1_D0,
        dataset_path: ,
        num_images_training: 100000.0,
        num_images_testing: 10000.0,
        complexity: 1,
        

        

        id: 56,
        name: DATA_C1_D0,
        dataset_path: ,
        num_images_training: 100000.0,
        num_images_testing: 10000.0,
        complexity: 1,
        

        

        id: 57,
        name: DATA_C3_D0,
        dataset_path: ,
        num_images_training: 100000.0,
        num_images_testing: 10000.0,
        complexity: 3,
        

        

        id: 58,
        name: DATA_C4_D0,
        dataset_path: ,
        num_images_training: 100000.0,
        num_images_testing: 10000.0,
        complexity: 4,
        

        

        id: 59,
        name: DATA_C5_D0,
        dataset_path: ,
        num_images_training: 100000.0,
        num_images_testing: 10000.0,
        complexity: 5,
        

        

        id: 60,
        name: DATA_C5_D0,
        dataset_path: ,
        num_images_training: 100000.0,
        num_images_testing: 10000.0,
        complexity: 5,
        

        

        id: 61,
        name: DATA_C5_D0,
        dataset_path: ,
        num_images_training: 100000.0,
        num_images_testing: 10000.0,
        complexity: 5,
        

        

        id: 62,
        name: DATA_C5_D0,
        dataset_path: ,
        num_images_training: 100000.0,
        num_images_testing: 10000.0,
        complexity: 5,
        

        

        id: 63,
        name: DATA_C5_D0,
        dataset_path: ,
        num_images_training: 100000.0,
        num_images_testing: 10000.0,
        complexity: 5,
        

TRAINING
ID109_MultiLSTMInit_D54
1
10
0.001
0.4
32
REUSING TFRECORDS
WARNING: Logging before flag parsing goes to stderr.
W1107 00:07:59.068024 47749702823744 deprecation_wrapper.py:119] From /om/user/shobhita/src/insideness/data/data.py:123: The name tf.FixedLenFeature is deprecated. Please use tf.io.FixedLenFeature instead.

W1107 00:07:59.068314 47749702823744 deprecation_wrapper.py:119] From /om/user/shobhita/src/insideness/data/data.py:129: The name tf.parse_single_example is deprecated. Please use tf.io.parse_single_example instead.

W1107 00:07:59.224485 47749702823744 deprecation_wrapper.py:119] From /om/user/shobhita/src/insideness/runs/train.py:61: The name tf.placeholder is deprecated. Please use tf.compat.v1.placeholder instead.

W1107 00:07:59.225233 47749702823744 deprecation_wrapper.py:119] From /om/user/shobhita/src/insideness/runs/train.py:62: The name tf.data.Iterator is deprecated. Please use tf.compat.v1.data.Iterator instead.

W1107 00:07:59.225359 47749702823744 deprecation.py:323] From /om/user/shobhita/src/insideness/runs/train.py:63: DatasetV1.output_types (from tensorflow.python.data.ops.dataset_ops) is deprecated and will be removed in a future version.
Instructions for updating:
Use `tf.compat.v1.data.get_output_types(dataset)`.
W1107 00:07:59.225480 47749702823744 deprecation.py:323] From /om/user/shobhita/src/insideness/runs/train.py:63: DatasetV1.output_shapes (from tensorflow.python.data.ops.dataset_ops) is deprecated and will be removed in a future version.
Instructions for updating:
Use `tf.compat.v1.data.get_output_shapes(dataset)`.
W1107 00:07:59.228476 47749702823744 deprecation.py:323] From /om/user/shobhita/src/insideness/runs/train.py:65: DatasetV1.make_one_shot_iterator (from tensorflow.python.data.ops.dataset_ops) is deprecated and will be removed in a future version.
Instructions for updating:
Use `for ... in dataset:` to iterate over a dataset. If using `tf.estimator`, return the `Dataset` object directly from your input function. As a last resort, you can use `tf.compat.v1.data.make_one_shot_iterator(dataset)`.
W1107 00:07:59.252180 47749702823744 deprecation.py:323] From /om/user/shobhita/src/insideness/runs/train.py:68: DatasetV1.make_initializable_iterator (from tensorflow.python.data.ops.dataset_ops) is deprecated and will be removed in a future version.
Instructions for updating:
Use `for ... in dataset:` to iterate over a dataset. If using `tf.estimator`, return the `Dataset` object directly from your input function. As a last resort, you can use `tf.compat.v1.data.make_initializable_iterator(dataset)`.
W1107 00:07:59.272480 47749702823744 deprecation_wrapper.py:119] From /om/user/shobhita/src/insideness/nets/multiLSTM_init.py:49: The name tf.nn.rnn_cell.LSTMStateTuple is deprecated. Please use tf.compat.v1.nn.rnn_cell.LSTMStateTuple instead.

W1107 00:07:59.274148 47749702823744 deprecation_wrapper.py:119] From /om/user/shobhita/src/insideness/nets/multiLSTM_init.py:72: The name tf.variable_scope is deprecated. Please use tf.compat.v1.variable_scope instead.

W1107 00:07:59.525297 47749702823744 deprecation.py:506] From /usr/local/lib/python3.6/dist-packages/tensorflow/python/ops/init_ops.py:1251: calling VarianceScaling.__init__ (from tensorflow.python.ops.init_ops) with dtype is deprecated and will be removed in a future version.
Instructions for updating:
Call initializer instance with the dtype argument instead of passing it to the constructor
W1107 00:07:59.544319 47749702823744 deprecation.py:506] From /usr/local/lib/python3.6/dist-packages/tensorflow/contrib/rnn/python/ops/rnn_cell.py:2242: calling Constant.__init__ (from tensorflow.python.ops.init_ops) with dtype is deprecated and will be removed in a future version.
Instructions for updating:
Call initializer instance with the dtype argument instead of passing it to the constructor
W1107 00:07:59.858443 47749702823744 deprecation_wrapper.py:119] From /om/user/shobhita/src/insideness/runs/train.py:93: The name tf.summary.scalar is deprecated. Please use tf.compat.v1.summary.scalar instead.

TRAIN AT END
W1107 00:07:59.938882 47749702823744 deprecation_wrapper.py:119] From /om/user/shobhita/src/insideness/runs/train.py:145: The name tf.train.exponential_decay is deprecated. Please use tf.compat.v1.train.exponential_decay instead.

W1107 00:07:59.975963 47749702823744 deprecation_wrapper.py:119] From /om/user/shobhita/src/insideness/runs/train.py:170: The name tf.summary.image is deprecated. Please use tf.compat.v1.summary.image instead.

W1107 00:08:00.002812 47749702823744 deprecation_wrapper.py:119] From /om/user/shobhita/src/insideness/runs/train.py:187: The name tf.Session is deprecated. Please use tf.compat.v1.Session instead.

2019-11-07 00:08:00.005347: I tensorflow/stream_executor/platform/default/dso_loader.cc:42] Successfully opened dynamic library libcuda.so.1
2019-11-07 00:08:00.019449: I tensorflow/core/common_runtime/gpu/gpu_device.cc:1640] Found device 0 with properties: 
name: GeForce GTX TITAN X major: 5 minor: 2 memoryClockRate(GHz): 1.076
pciBusID: 0000:06:00.0
2019-11-07 00:08:00.022517: I tensorflow/stream_executor/platform/default/dso_loader.cc:42] Successfully opened dynamic library libcudart.so.10.0
2019-11-07 00:08:00.053815: I tensorflow/stream_executor/platform/default/dso_loader.cc:42] Successfully opened dynamic library libcublas.so.10.0
2019-11-07 00:08:00.071659: I tensorflow/stream_executor/platform/default/dso_loader.cc:42] Successfully opened dynamic library libcufft.so.10.0
2019-11-07 00:08:00.081000: I tensorflow/stream_executor/platform/default/dso_loader.cc:42] Successfully opened dynamic library libcurand.so.10.0
2019-11-07 00:08:00.118096: I tensorflow/stream_executor/platform/default/dso_loader.cc:42] Successfully opened dynamic library libcusolver.so.10.0
2019-11-07 00:08:00.142033: I tensorflow/stream_executor/platform/default/dso_loader.cc:42] Successfully opened dynamic library libcusparse.so.10.0
2019-11-07 00:08:00.206192: I tensorflow/stream_executor/platform/default/dso_loader.cc:42] Successfully opened dynamic library libcudnn.so.7
2019-11-07 00:08:00.207813: I tensorflow/core/common_runtime/gpu/gpu_device.cc:1763] Adding visible gpu devices: 0
2019-11-07 00:08:00.208202: I tensorflow/core/platform/cpu_feature_guard.cc:142] Your CPU supports instructions that this TensorFlow binary was not compiled to use: AVX2 FMA
2019-11-07 00:08:00.274046: I tensorflow/compiler/xla/service/service.cc:168] XLA service 0x5842790 executing computations on platform CUDA. Devices:
2019-11-07 00:08:00.274124: I tensorflow/compiler/xla/service/service.cc:175]   StreamExecutor device (0): GeForce GTX TITAN X, Compute Capability 5.2
2019-11-07 00:08:00.296070: I tensorflow/core/platform/profile_utils/cpu_utils.cc:94] CPU Frequency: 2600085000 Hz
2019-11-07 00:08:00.296251: I tensorflow/compiler/xla/service/service.cc:168] XLA service 0x62976c0 executing computations on platform Host. Devices:
2019-11-07 00:08:00.296295: I tensorflow/compiler/xla/service/service.cc:175]   StreamExecutor device (0): <undefined>, <undefined>
2019-11-07 00:08:00.298213: I tensorflow/core/common_runtime/gpu/gpu_device.cc:1640] Found device 0 with properties: 
name: GeForce GTX TITAN X major: 5 minor: 2 memoryClockRate(GHz): 1.076
pciBusID: 0000:06:00.0
2019-11-07 00:08:00.298299: I tensorflow/stream_executor/platform/default/dso_loader.cc:42] Successfully opened dynamic library libcudart.so.10.0
2019-11-07 00:08:00.298352: I tensorflow/stream_executor/platform/default/dso_loader.cc:42] Successfully opened dynamic library libcublas.so.10.0
2019-11-07 00:08:00.298396: I tensorflow/stream_executor/platform/default/dso_loader.cc:42] Successfully opened dynamic library libcufft.so.10.0
2019-11-07 00:08:00.298430: I tensorflow/stream_executor/platform/default/dso_loader.cc:42] Successfully opened dynamic library libcurand.so.10.0
2019-11-07 00:08:00.298461: I tensorflow/stream_executor/platform/default/dso_loader.cc:42] Successfully opened dynamic library libcusolver.so.10.0
2019-11-07 00:08:00.298487: I tensorflow/stream_executor/platform/default/dso_loader.cc:42] Successfully opened dynamic library libcusparse.so.10.0
2019-11-07 00:08:00.298513: I tensorflow/stream_executor/platform/default/dso_loader.cc:42] Successfully opened dynamic library libcudnn.so.7
2019-11-07 00:08:00.299850: I tensorflow/core/common_runtime/gpu/gpu_device.cc:1763] Adding visible gpu devices: 0
2019-11-07 00:08:00.301674: I tensorflow/stream_executor/platform/default/dso_loader.cc:42] Successfully opened dynamic library libcudart.so.10.0
2019-11-07 00:08:00.302820: I tensorflow/core/common_runtime/gpu/gpu_device.cc:1181] Device interconnect StreamExecutor with strength 1 edge matrix:
2019-11-07 00:08:00.302876: I tensorflow/core/common_runtime/gpu/gpu_device.cc:1187]      0 
2019-11-07 00:08:00.302896: I tensorflow/core/common_runtime/gpu/gpu_device.cc:1200] 0:   N 
2019-11-07 00:08:00.306451: I tensorflow/core/common_runtime/gpu/gpu_device.cc:1326] Created TensorFlow device (/job:localhost/replica:0/task:0/device:GPU:0 with 11498 MB memory) -> physical GPU (device: 0, name: GeForce GTX TITAN X, pci bus id: 0000:06:00.0, compute capability: 5.2)
W1107 00:08:00.307345 47749702823744 deprecation_wrapper.py:119] From /om/user/shobhita/src/insideness/runs/train.py:196: The name tf.train.MomentumOptimizer is deprecated. Please use tf.compat.v1.train.MomentumOptimizer instead.

W1107 00:08:02.054215 47749702823744 deprecation_wrapper.py:119] From /om/user/shobhita/src/insideness/runs/train.py:211: The name tf.train.Saver is deprecated. Please use tf.compat.v1.train.Saver instead.

2019-11-07 00:08:02.220563: W tensorflow/compiler/jit/mark_for_compilation_pass.cc:1412] (One-time warning): Not using XLA:CPU for cluster because envvar TF_XLA_FLAGS=--tf_xla_cpu_global_jit was not set.  If you want XLA:CPU, either set that envvar, or use experimental_jit_scope to enable XLA:CPU.  To confirm that XLA is active, pass --vmodule=xla_compilation_cache=1 (as a proper command-line flag, not via TF_XLA_FLAGS) or set the envvar XLA_FLAGS=--xla_hlo_profile.
W1107 00:08:04.593585 47749702823744 deprecation_wrapper.py:119] From /om/user/shobhita/src/insideness/runs/train.py:242: The name tf.summary.merge_all is deprecated. Please use tf.compat.v1.summary.merge_all instead.

W1107 00:08:04.595045 47749702823744 deprecation_wrapper.py:119] From /om/user/shobhita/src/insideness/runs/train.py:243: The name tf.summary.FileWriter is deprecated. Please use tf.compat.v1.summary.FileWriter instead.

2019-11-07 00:08:05.248404: I tensorflow/core/profiler/lib/profiler_session.cc:174] Profiler session started.
2019-11-07 00:08:05.266205: I tensorflow/stream_executor/platform/default/dso_loader.cc:42] Successfully opened dynamic library libcupti.so.10.0
2019-11-07 00:08:05.376724: I tensorflow/stream_executor/platform/default/dso_loader.cc:42] Successfully opened dynamic library libcudnn.so.7
2019-11-07 00:08:07.423952: I tensorflow/core/platform/default/device_tracer.cc:641] Collecting 441 kernel records, 17 memcpy records.
INIT
STARTING EPOCH =  0
* epoch: 0.0
train acc: 0.0
train acc loose: 0.6614882
train loss: 0.6913673
val acc: 0.0
val acc loose: 0.6408055
val loss: 0.692351
----------------
2019-11-07 00:09:04.551869: I tensorflow/core/profiler/lib/profiler_session.cc:174] Profiler session started.
2019-11-07 00:09:04.568465: I tensorflow/core/platform/default/device_tracer.cc:641] Collecting 406 kernel records, 16 memcpy records.
* epoch: 1.0
train acc: 0.625
train acc loose: 0.9971039
train loss: 0.13327457
val acc: 0.65625
val acc loose: 0.9978943
val loss: 0.1332041
----------------
2019-11-07 00:09:58.541188: I tensorflow/core/profiler/lib/profiler_session.cc:174] Profiler session started.
2019-11-07 00:09:58.558655: I tensorflow/core/platform/default/device_tracer.cc:641] Collecting 406 kernel records, 16 memcpy records.
W1107 00:09:58.657080 47749702823744 deprecation.py:323] From /usr/local/lib/python3.6/dist-packages/tensorflow/python/training/saver.py:960: remove_checkpoint (from tensorflow.python.training.checkpoint_management) is deprecated and will be removed in a future version.
Instructions for updating:
Use standard file APIs to delete files with this prefix.
* epoch: 2.0
train acc: 0.75
train acc loose: 0.99842453
train loss: 0.13051686
val acc: 0.71875
val acc loose: 0.9982852
val loss: 0.13070591
----------------
2019-11-07 00:10:50.406821: I tensorflow/core/profiler/lib/profiler_session.cc:174] Profiler session started.
2019-11-07 00:10:50.423333: I tensorflow/core/platform/default/device_tracer.cc:641] Collecting 406 kernel records, 16 memcpy records.
* epoch: 3.0
train acc: 0.625
train acc loose: 0.99754405
train loss: 0.13147397
val acc: 0.59375
val acc loose: 0.9975387
val loss: 0.13147616
----------------
2019-11-07 00:11:42.256231: I tensorflow/core/profiler/lib/profiler_session.cc:174] Profiler session started.
2019-11-07 00:11:42.272614: I tensorflow/core/platform/default/device_tracer.cc:641] Collecting 406 kernel records, 16 memcpy records.
* epoch: 4.0
train acc: 0.8125
train acc loose: 0.9988538
train loss: 0.12928826
val acc: 0.90625
val acc loose: 0.99944854
val loss: 0.12832296
----------------
2019-11-07 00:12:34.403618: I tensorflow/core/profiler/lib/profiler_session.cc:174] Profiler session started.
2019-11-07 00:12:34.420559: I tensorflow/core/platform/default/device_tracer.cc:641] Collecting 406 kernel records, 16 memcpy records.
* epoch: 5.0
train acc: 0.71875
train acc loose: 0.99830115
train loss: 0.1299997
val acc: 0.78125
val acc loose: 0.9986614
val loss: 0.12944907
----------------
2019-11-07 00:13:27.270264: I tensorflow/core/profiler/lib/profiler_session.cc:174] Profiler session started.
2019-11-07 00:13:27.287713: I tensorflow/core/platform/default/device_tracer.cc:641] Collecting 406 kernel records, 16 memcpy records.
* epoch: 6.0
train acc: 0.78125
train acc loose: 0.9986526
train loss: 0.12940025
val acc: 0.65625
val acc loose: 0.99770606
val loss: 0.1308915
----------------
2019-11-07 00:14:23.008363: I tensorflow/core/profiler/lib/profiler_session.cc:174] Profiler session started.
2019-11-07 00:14:23.025000: I tensorflow/core/platform/default/device_tracer.cc:641] Collecting 406 kernel records, 16 memcpy records.
* epoch: 7.0
train acc: 0.71875
train acc loose: 0.9983177
train loss: 0.12985978
val acc: 0.78125
val acc loose: 0.9986634
val loss: 0.12943724
----------------
2019-11-07 00:15:14.901222: I tensorflow/core/profiler/lib/profiler_session.cc:174] Profiler session started.
2019-11-07 00:15:14.918892: I tensorflow/core/platform/default/device_tracer.cc:641] Collecting 406 kernel records, 16 memcpy records.
* epoch: 8.0
train acc: 0.90625
train acc loose: 0.99944854
train loss: 0.1281879
val acc: 0.875
val acc loose: 0.99922776
val loss: 0.1285324
----------------
2019-11-07 00:16:06.712326: I tensorflow/core/profiler/lib/profiler_session.cc:174] Profiler session started.
2019-11-07 00:16:06.751351: I tensorflow/core/platform/default/device_tracer.cc:641] Collecting 406 kernel records, 16 memcpy records.
* epoch: 9.0
train acc: 1.0
train acc loose: 1.0
train loss: 0.12727903
val acc: 0.96875
val acc loose: 0.99980944
val loss: 0.12755889
----------------
Total train = 95008.0
Full train = 0.984990737622095
Full train loose = 0.9998991340649734
Total val = 95008.0
Full val = 0.9850012630515325
Full val loose = 0.9998995552724682
Total test = 95008.0
Full test = 0.9856012125294712
Full test loose = 0.9999046921730042
:)

DONE.
